"../../../Engine/Content/ArtTools/RenderToTexture/Enums/RenderToTexture_Enum.uasset" 0
"../../../Engine/Content/ArtTools/RenderToTexture/Enums/RenderToTexture_Flipbook_Enum.uasset" 1
"../../../Engine/Content/ArtTools/RenderToTexture/Enums/RenderToTexture_Imposter_Enum.uasset" 2
"../../../Engine/Content/ArtTools/RenderToTexture/Enums/EIntTypes.uasset" 3
"../../../Engine/Content/EditorBlueprintResources/StandardMacros.uasset" 4
"../../../Engine/Content/ArtTools/RenderToTexture/Macros/RenderToTextureFunctionLibrary.uasset" 5
"../../../Engine/Content/ArtTools/RenderToTexture/Enums/EFloatTypes.uasset" 6
"../../../Engine/Content/ArtTools/RenderToTexture/Macros/RenderToTextureMacros.uasset" 7
"../../../Engine/Content/EngineMaterials/T_Default_Material_Grid_N.uasset" 8
"../../../Engine/Content/EngineMaterials/T_Default_Material_Grid_M.uasset" 9
"../../../Engine/Content/Functions/Engine_MaterialFunctions01/Opacity/CameraDepthFade.uasset" 10
"../../../Engine/Content/EngineMaterials/WorldGridMaterial.uasset" 11
"../../../Engine/Content/ArtTools/RenderToTexture/Meshes/S_1_Unit_Plane.uasset" 12
"../../../Engine/Content/BasicShapes/BasicShapeMaterial.uasset" 13
"../../../Engine/Content/EngineMaterials/DefaultMaterial.uasset" 14
"../../../Engine/Content/BasicShapes/Cone.uasset" 15
"../../../Engine/Content/BasicShapes/Cube.uasset" 16
"../../../Engine/Content/BasicShapes/Cylinder.uasset" 17
"../../../Engine/Content/BasicShapes/Plane.uasset" 18
"../../../Engine/Content/BasicShapes/Sphere.uasset" 19
"../../../Engine/Content/EngineMaterials/DefaultPhysicalMaterial.uasset" 20
"../../../Engine/Content/BufferVisualization/AmbientOcclusion.uasset" 21
"../../../Engine/Content/Functions/Engine_MaterialFunctions02/Utility/AppendMany.uasset" 22
"../../../Engine/Content/BufferVisualization/Anisotropy.uasset" 23
"../../../Engine/Content/BufferVisualization/BaseColor.uasset" 24
"../../../Engine/Content/BufferVisualization/CustomDepth.uasset" 25
"../../../Engine/Content/Functions/Engine_MaterialFunctions02/Utility/VectorLength.uasset" 26
"../../../Engine/Content/BufferVisualization/CustomDepthWorldUnits.uasset" 27
"../../../Engine/Content/EngineMaterials/MiniFont.uasset" 28
"../../../Engine/Content/Functions/Engine_MaterialFunctions02/Utility/MakeFloat3.uasset" 29
"../../../Engine/Content/Functions/Engine_MaterialFunctions02/Utility/MakeFloat2.uasset" 30
"../../../Engine/Content/Functions/Engine_MaterialFunctions02/ScreenResolution.uasset" 31
"../../../Engine/Content/Functions/Engine_MaterialFunctions02/Utility/BreakOutFloat2Components.uasset" 32
"../../../Engine/Content/Functions/Engine_MaterialFunctions01/Texturing/ScaleUVsByCenter.uasset" 33
"../../../Engine/Content/Functions/Engine_MaterialFunctions02/Texturing/ScreenAlignedUVs.uasset" 34
"../../../Engine/Content/BufferVisualization/CustomStencil.uasset" 35
"../../../Engine/Content/BufferVisualization/FinalImage.uasset" 36
"../../../Engine/Content/BufferVisualization/LightingModel.uasset" 37
"../../../Engine/Content/BufferVisualization/MaterialAO.uasset" 38
"../../../Engine/Content/BufferVisualization/Metallic.uasset" 39
"../../../Engine/Content/BufferVisualization/Opacity.uasset" 40
"../../../Engine/Content/BufferVisualization/PostTonemapHDRColor.uasset" 41
"../../../Engine/Content/BufferVisualization/PreTonemapHDRColor.uasset" 42
"../../../Engine/Content/BufferVisualization/Roughness.uasset" 43
"../../../Engine/Content/BufferVisualization/SceneColor.uasset" 44
"../../../Engine/Content/BufferVisualization/SceneDepth.uasset" 45
"../../../Engine/Content/BufferVisualization/SceneDepthWorldUnits.uasset" 46
"../../../Engine/Content/BufferVisualization/SeparateTranslucencyA.uasset" 47
"../../../Engine/Content/BufferVisualization/SeparateTranslucencyRGB.uasset" 48
"../../../Engine/Content/BufferVisualization/Specular.uasset" 49
"../../../Engine/Content/BufferVisualization/SubsurfaceColor.uasset" 50
"../../../Engine/Content/BufferVisualization/Velocity.uasset" 51
"../../../Engine/Content/BufferVisualization/WorldNormal.uasset" 52
"../../../Engine/Content/BufferVisualization/WorldTangent.uasset" 53
"../../../Engine/Content/EditorLandscapeResources/DataLayer.uasset" 54
"../../../Engine/Content/EditorLandscapeResources/DefaultAlphaTexture.uasset" 55
"../../../Engine/Content/EditorLandscapeResources/LandscapeGizmoHeight_Mat.uasset" 56
"../../../Engine/Content/EditorLandscapeResources/LandscapeGizmo_Mat.uasset" 57
"../../../Engine/Content/EditorLandscapeResources/LandscapeGizmo_Mat_Copied.uasset" 58
"../../../Engine/Content/EditorLandscapeResources/SplineEditorMeshMat.uasset" 59
"../../../Engine/Content/EditorLandscapeResources/SplineEditorMesh.uasset" 60
"../../../Engine/Content/EditorMaterials/Cross.uasset" 61
"../../../Engine/Content/EditorMaterials/Cross_Mat.uasset" 62
"../../../Engine/Content/EditorResources/T_EditorHelp.uasset" 63
"../../../Engine/Content/Functions/Engine_MaterialFunctions02/Utility/Sign.uasset" 64
"../../../Engine/Content/Functions/Engine_MaterialFunctions02/Utility/Round.uasset" 65
"../../../Engine/Content/Functions/Engine_MaterialFunctions02/ExampleContent/Textures/DebugNumberPeriod.uasset" 66
"../../../Engine/Content/Functions/Engine_MaterialFunctions02/ExampleContent/DebugNumberStrip.uasset" 67
"../../../Engine/Content/EngineMaterials/DefaultDiffuse.uasset" 68
"../../../Engine/Content/Functions/Engine_MaterialFunctions01/Texturing/TextureCropping.uasset" 69
"../../../Engine/Content/Functions/Engine_MaterialFunctions01/Texturing/ComputeMipLevel.uasset" 70
"../../../Engine/Content/Functions/Engine_MaterialFunctions02/Utility/DebugScalarValues.uasset" 71
"../../../Engine/Content/Functions/Engine_MaterialFunctions02/Utility/DebugFloat2Values.uasset" 72
"../../../Engine/Content/Functions/Engine_MaterialFunctions02/ExampleContent/Textures/flipbook.uasset" 73
"../../../Engine/Content/Functions/Engine_MaterialFunctions02/Texturing/FlipBook.uasset" 74
"../../../Engine/Content/EditorMaterials/HelpActorMaterial.uasset" 75
"../../../Engine/Content/Functions/Engine_MaterialFunctions03/Procedurals/ComputeFilterWidth.uasset" 76
"../../../Engine/Content/EngineMaterials/BlendFunc_DefBlend.uasset" 77
"../../../Engine/Content/EngineMaterials/BlendFunc_DefBase.uasset" 78
"../../../Engine/Content/Functions/Engine_MaterialFunctions03/Blends/Blend_Screen.uasset" 79
"../../../Engine/Content/EditorMaterials/TilingAALineIntegral.uasset" 80
"../../../Engine/Content/EditorMaterials/TilingAALineBoxFiltered.uasset" 81
"../../../Engine/Content/EditorMaterials/TilingAAGrid.uasset" 82
"../../../Engine/Content/EditorMaterials/TilingAADots.uasset" 83
"../../../Engine/Content/EditorMaterials/CompositeARGBLayer.uasset" 84
"../../../Engine/Content/EditorMaterials/LevelGridMaterial.uasset" 85
"../../../Engine/Content/EditorResources/LevelGrid1DStripes.uasset" 86
"../../../Engine/Content/EditorMaterials/TextureGridCascaded1D.uasset" 87
"../../../Engine/Content/EditorMaterials/TextureGridCascaded2D.uasset" 88
"../../../Engine/Content/EditorMaterials/MakeCompositeARGBLayer.uasset" 89
"../../../Engine/Content/EditorMaterials/LevelGridMaterial2.uasset" 90
"../../../Engine/Content/EditorMaterials/MAT_Groups_Toggle.uasset" 91
"../../../Engine/Content/EditorMaterials/MAT_Groups_Visibility.uasset" 92
"../../../Engine/Content/EngineMaterials/Grid.uasset" 93
"../../../Engine/Content/EditorResources/TilePatine_N.uasset" 94
"../../../Engine/Content/EditorResources/TilePatine_D.uasset" 95
"../../../Engine/Content/EditorMaterials/AntialiasedGridFloor.uasset" 96
"../../../Engine/Content/EditorMaterials/PersonaFloorMat.uasset" 97
"../../../Engine/Content/EditorMaterials/PhAT_BoneSelectedMaterial.uasset" 98
"../../../Engine/Content/EditorMaterials/PhAT_ElemSelectedMaterial.uasset" 99
"../../../Engine/Content/EditorMaterials/PhAT_NoCollisionMaterial.uasset" 100
"../../../Engine/Content/EditorMaterials/PhAT_UnselectedMaterial.uasset" 101
"../../../Engine/Content/EditorMaterials/PreviewShadowIndicator.uasset" 102
"../../../Engine/Content/EditorMaterials/PreviewShadowIndicatorMaterial.uasset" 103
"../../../Engine/Content/EditorMaterials/TargetIcon.uasset" 104
"../../../Engine/Content/EditorMaterials/Tick.uasset" 105
"../../../Engine/Content/EditorMaterials/Tick_Mat.uasset" 106
"../../../Engine/Content/EditorMaterials/WidgetGridVertexColorMaterial.uasset" 107
"../../../Engine/Content/EditorMaterials/WidgetGridVertexColorMaterial_Ma.uasset" 108
"../../../Engine/Content/EditorMaterials/WidgetMaterial.uasset" 109
"../../../Engine/Content/EditorMaterials/WidgetMaterial_Current.uasset" 110
"../../../Engine/Content/EditorMaterials/WidgetMaterial_X.uasset" 111
"../../../Engine/Content/EditorMaterials/WidgetMaterial_Y.uasset" 112
"../../../Engine/Content/EditorMaterials/WidgetMaterial_Z.uasset" 113
"../../../Engine/Content/EditorMaterials/WidgetVertexColorMaterial.uasset" 114
"../../../Engine/Content/EditorMaterials/AssetViewer/EpicQuadPanorama_CC+EV1.uasset" 115
"../../../Engine/Content/MapTemplates/Sky/SunsetAmbientCubemap.uasset" 116
"../../../Engine/Content/EditorMaterials/AssetViewer/M_SkyBox.uasset" 117
"../../../Engine/Content/EditorMaterials/MatineeGroups/MAT_ColorTrack.uasset" 118
"../../../Engine/Content/EditorMaterials/MatineeGroups/MAT_Groups_Anim.uasset" 119
"../../../Engine/Content/EditorMaterials/MatineeGroups/MAT_Groups_AudioMaster.uasset" 120
"../../../Engine/Content/EditorMaterials/MatineeGroups/MAT_Groups_Director.uasset" 121
"../../../Engine/Content/EditorMaterials/MatineeGroups/MAT_Groups_Event.uasset" 122
"../../../Engine/Content/EditorMaterials/MatineeGroups/MAT_Groups_Fade.uasset" 123
"../../../Engine/Content/EditorMaterials/MatineeGroups/MAT_Groups_Float.uasset" 124
"../../../Engine/Content/EditorMaterials/MatineeGroups/MAT_Groups_Move.uasset" 125
"../../../Engine/Content/EditorMaterials/MatineeGroups/MAT_Groups_Slomo.uasset" 126
"../../../Engine/Content/EditorMaterials/MatineeGroups/MAT_Groups_Sound.uasset" 127
"../../../Engine/Content/EditorMaterials/MatineeGroups/MAT_Groups_Vector.uasset" 128
"../../../Engine/Content/EditorMaterials/ParticleSystems/PSysThumbnail_NoImage.uasset" 129
"../../../Engine/Content/EditorMaterials/ParticleSystems/PSysThumbnail_OOD.uasset" 130
"../../../Engine/Content/EditorMaterials/Thumbnails/FloorPlaneMaterial.uasset" 131
"../../../Engine/Content/EditorMeshes/EditorCube.uasset" 132
"../../../Engine/Content/EditorMeshes/EditorCylinder.uasset" 133
"../../../Engine/Content/EditorMeshes/EditorPlane.uasset" 134
"../../../Engine/Content/EditorMaterials/Thumbnails/SkySphereMaterial.uasset" 135
"../../../Engine/Content/EditorMeshes/EditorSkySphere.uasset" 136
"../../../Engine/Content/EditorMeshes/EditorSphere.uasset" 137
"../../../Engine/Content/EditorResources/MatineeCam_D.uasset" 138
"../../../Engine/Content/EditorMaterials/MatineeCam_mat.uasset" 139
"../../../Engine/Content/EditorMeshes/MatineeCam_SM.uasset" 140
"../../../Engine/Content/Functions/Engine_MaterialFunctions01/Shading/ConvertFromDiffSpec.uasset" 141
"../../../Engine/Content/EditorMaterials/GridMaterial.uasset" 142
"../../../Engine/Content/EditorMeshes/PhAT_FloorBox.uasset" 143
"../../../Engine/Content/EditorMeshes/PlanarReflectionPlane.uasset" 144
"../../../Engine/Content/EditorMeshes/AssetViewer/Floor_Mesh.uasset" 145
"../../../Engine/Content/EditorMeshes/AssetViewer/Sphere_inversenormals.uasset" 146
"../../../Engine/Content/EngineDebugMaterials/M_SimpleOpaque.uasset" 147
"../../../Engine/Content/EditorMaterials/Camera/MI_CineMat_CamViewFinder.uasset" 148
"../../../Engine/Content/EditorMaterials/Camera/CineMat.uasset" 149
"../../../Engine/Content/EditorMaterials/Camera/MI_CineMat_CameraBody.uasset" 150
"../../../Engine/Content/EditorMeshes/Camera/SM_CineCam.uasset" 151
"../../../Engine/Content/EditorMaterials/Camera/MI_CineMat_Rig.uasset" 152
"../../../Engine/Content/EditorMeshes/Camera/SM_CraneRig_Arm.uasset" 153
"../../../Engine/Content/EditorMeshes/Camera/SM_CraneRig_Base.uasset" 154
"../../../Engine/Content/EditorMeshes/Camera/SM_CraneRig_Body.uasset" 155
"../../../Engine/Content/EditorMeshes/Camera/SM_CraneRig_Mount.uasset" 156
"../../../Engine/Content/EditorMeshes/Camera/SM_RailRig_Mount.uasset" 157
"../../../Engine/Content/EditorMeshes/Camera/SM_RailRig_Track.uasset" 158
"../../../Engine/Content/EditorMeshes/ColorCalibrator/M_ChromeBall.uasset" 159
"../../../Engine/Content/EditorResources/Bad.uasset" 160
"../../../Engine/Content/EditorResources/BSPVertex.uasset" 161
"../../../Engine/Content/EditorResources/EmptyActor.uasset" 162
"../../../Engine/Content/EditorResources/MatInstActSprite.uasset" 163
"../../../Engine/Content/EditorResources/SceneManager.uasset" 164
"../../../Engine/Content/EditorResources/SmallFont.uasset" 165
"../../../Engine/Content/EditorResources/S_Actor.uasset" 166
"../../../Engine/Content/EditorResources/S_CameraShakeSource.uasset" 167
"../../../Engine/Content/EditorResources/S_DecalActorIcon.uasset" 168
"../../../Engine/Content/EditorResources/S_Emitter.uasset" 169
"../../../Engine/Content/EditorResources/S_ExpoHeightFog.uasset" 170
"../../../Engine/Content/EditorResources/S_FTest.uasset" 171
"../../../Engine/Content/EditorResources/S_KBSJoint.uasset" 172
"../../../Engine/Content/EditorResources/S_KHinge.uasset" 173
"../../../Engine/Content/EditorResources/S_KPrismatic.uasset" 174
"../../../Engine/Content/EditorResources/S_LevelSequence.uasset" 175
"../../../Engine/Content/EditorResources/S_NavP.uasset" 176
"../../../Engine/Content/EditorResources/S_Note.uasset" 177
"../../../Engine/Content/EditorResources/S_Player.uasset" 178
"../../../Engine/Content/EditorResources/S_PortalActorIcon2.uasset" 179
"../../../Engine/Content/EditorResources/S_RadForce.uasset" 180
"../../../Engine/Content/EditorResources/S_ReflActorIcon.uasset" 181
"../../../Engine/Content/EditorResources/S_SkyAtmosphere.uasset" 182
"../../../Engine/Content/EditorResources/S_Solver.uasset" 183
"../../../Engine/Content/EditorResources/S_Terrain.uasset" 184
"../../../Engine/Content/EditorResources/S_TextRenderActorIcon.uasset" 185
"../../../Engine/Content/EditorResources/S_Thruster.uasset" 186
"../../../Engine/Content/EditorResources/S_Trigger.uasset" 187
"../../../Engine/Content/EditorResources/S_VectorFieldVol.uasset" 188
"../../../Engine/Content/EditorResources/S_VolumetricCloud.uasset" 189
"../../../Engine/Content/EditorResources/S_WindDirectional.uasset" 190
"../../../Engine/Content/EditorResources/AI/S_NavLink.uasset" 191
"../../../Engine/Content/EditorResources/LightIcons/SkyLight.uasset" 192
"../../../Engine/Content/EditorResources/LightIcons/S_LightDirectional.uasset" 193
"../../../Engine/Content/EditorResources/LightIcons/S_LightDirectionalMove.uasset" 194
"../../../Engine/Content/EditorResources/LightIcons/S_LightError.uasset" 195
"../../../Engine/Content/EditorResources/LightIcons/S_LightPoint.uasset" 196
"../../../Engine/Content/EditorResources/LightIcons/S_LightPointMove.uasset" 197
"../../../Engine/Content/EditorResources/LightIcons/S_LightSpot.uasset" 198
"../../../Engine/Content/EditorResources/LightIcons/S_LightSpotMove.uasset" 199
"../../../Engine/Content/EditorResources/SequenceRecorder/Countdown.uasset" 200
"../../../Engine/Content/EditorResources/SequenceRecorder/RecordingIndicator.uasset" 201
"../../../Engine/Content/EditorResources/Spline/T_Loft_Spline.uasset" 202
"../../../Engine/Content/EditorSounds/Notifications/CompileFailed.uasset" 203
"../../../Engine/Content/EditorSounds/Notifications/CompileFailed_Cue.uasset" 204
"../../../Engine/Content/EditorSounds/Notifications/CompileSuccess.uasset" 205
"../../../Engine/Content/EditorSounds/Notifications/CompileStart_Cue.uasset" 206
"../../../Engine/Content/EditorSounds/Notifications/CompileSuccess_Cue.uasset" 207
"../../../Engine/Content/EngineDamageTypes/DmgTypeBP_Environmental.uasset" 208
"../../../Engine/Content/EngineDebugMaterials/HeatmapGradient.uasset" 209
"../../../Engine/Content/EngineDebugMaterials/BoneWeightMaterial.uasset" 210
"../../../Engine/Content/EngineDebugMaterials/ClothMaterial.uasset" 211
"../../../Engine/Content/EngineDebugMaterials/ClothMaterial_WF.uasset" 212
"../../../Engine/Content/EngineDebugMaterials/DebugEditorMaterial.uasset" 213
"../../../Engine/Content/EngineDebugMaterials/DebugMeshMaterial.uasset" 214
"../../../Engine/Content/EngineDebugMaterials/GeomMaterial.uasset" 215
"../../../Engine/Content/EngineDebugMaterials/LevelColorationLitMaterial.uasset" 216
"../../../Engine/Content/EngineDebugMaterials/LevelColorationUnlitMaterial.uasset" 217
"../../../Engine/Content/EngineMaterials/DefaultWhiteGrid.uasset" 218
"../../../Engine/Content/EngineDebugMaterials/MAT_LevelColorationLitLightmapUV.uasset" 219
"../../../Engine/Content/EngineDebugMaterials/M_SimpleUnlitTranslucent.uasset" 220
"../../../Engine/Content/EngineDebugMaterials/VolumeToRender.uasset" 221
"../../../Engine/Content/Functions/Engine_MaterialFunctions02/Utility/CameraDirectionVector.uasset" 222
"../../../Engine/Content/EngineDebugMaterials/M_VolumeRenderSphereTracePP.uasset" 223
"../../../Engine/Content/EngineMaterials/DefaultWhiteGrid_Low.uasset" 224
"../../../Engine/Content/EngineDebugMaterials/PhysicalMaterialMaskMaterial.uasset" 225
"../../../Engine/Content/EngineDebugMaterials/ShadedLevelColorationLitMaterial.uasset" 226
"../../../Engine/Content/EngineDebugMaterials/ShadedLevelColorationUnlitMateri.uasset" 227
"../../../Engine/Content/EngineDebugMaterials/VertexColorMaterial.uasset" 228
"../../../Engine/Content/EngineDebugMaterials/VertexColorViewMode_AlphaAsColor.uasset" 229
"../../../Engine/Content/EngineDebugMaterials/VertexColorViewMode_BlueOnly.uasset" 230
"../../../Engine/Content/EngineDebugMaterials/VertexColorViewMode_ColorOnly.uasset" 231
"../../../Engine/Content/EngineDebugMaterials/VertexColorViewMode_GreenOnly.uasset" 232
"../../../Engine/Content/EngineDebugMaterials/VertexColorViewMode_RedOnly.uasset" 233
"../../../Engine/Content/EngineDebugMaterials/WireframeMaterial.uasset" 234
"../../../Engine/Content/EngineFonts/Faces/RobotoTiny.uasset" 235
"../../../Engine/Content/EngineFonts/Faces/DroidSansFallback.uasset" 236
"../../../Engine/Content/EngineFonts/RobotoTiny.uasset" 237
"../../../Engine/Content/EngineFonts/SmallFont.uasset" 238
"../../../Engine/Content/EngineFonts/TinyFont.uasset" 239
"../../../Engine/Content/EngineMaterials/BaseFlattenNormalMap.uasset" 240
"../../../Engine/Content/EngineMaterials/BaseFlattenGrayscaleMap.uasset" 241
"../../../Engine/Content/EngineMaterials/BaseFlattenEmissiveMap.uasset" 242
"../../../Engine/Content/EngineMaterials/BaseFlattenDiffuseMap.uasset" 243
"../../../Engine/Content/EngineMaterials/BaseFlattenMaterial.uasset" 244
"../../../Engine/Content/EngineResources/WhiteSquareTexture.uasset" 245
"../../../Engine/Content/EngineMaterials/BlinkingCaret.uasset" 246
"../../../Engine/Content/EngineMaterials/BlueNoise.uasset" 247
"../../../Engine/Content/EngineMaterials/DefaultBloomKernel.uasset" 248
"../../../Engine/Content/EngineMaterials/DefaultBokeh.uasset" 249
"../../../Engine/Content/EngineMaterials/DefaultDeferredDecalMaterial.uasset" 250
"../../../Engine/Content/EngineMaterials/DefaultLightFunctionMaterial.uasset" 251
"../../../Engine/Content/EngineMaterials/DefaultNormal.uasset" 252
"../../../Engine/Content/EngineMaterials/DefaultPostProcessMaterial.uasset" 253
"../../../Engine/Content/EngineFonts/RobotoDistanceField.uasset" 254
"../../../Engine/Content/EngineMaterials/DefaultTextMaterialOpaque.uasset" 255
"../../../Engine/Content/EngineMaterials/EditorBrushMaterial.uasset" 256
"../../../Engine/Content/EngineMaterials/EmissiveMeshMaterial.uasset" 257
"../../../Engine/Content/EngineMaterials/GizmoMaterial.uasset" 258
"../../../Engine/Content/EngineMaterials/Good64x64TilingNoiseHighFreq.uasset" 259
"../../../Engine/Content/EngineMaterials/Grid_N.uasset" 260
"../../../Engine/Content/EngineMaterials/HighResolutionScreenshotMaskFunction.uasset" 261
"../../../Engine/Content/EngineMaterials/HighResScreenshot.uasset" 262
"../../../Engine/Content/EngineMaterials/HighResScreenshotCaptureRegion.uasset" 263
"../../../Engine/Content/EngineMaterials/HighResScreenshotMask.uasset" 264
"../../../Engine/Content/EngineMaterials/LandscapeHolePhysicalMaterial.uasset" 265
"../../../Engine/Content/EngineMaterials/InvalidLightmapSettings.uasset" 266
"../../../Engine/Content/EngineMaterials/M_InvalidLightmapSettings.uasset" 267
"../../../Engine/Content/EngineMaterials/PaperDiffuse.uasset" 268
"../../../Engine/Content/EngineMaterials/PaperNormal.uasset" 269
"../../../Engine/Content/Functions/Engine_MaterialFunctions02/WorldPositionOffset/CameraOffset.uasset" 270
"../../../Engine/Content/EngineMaterials/PhAT_JointLimitMaterial.uasset" 271
"../../../Engine/Content/EngineMaterials/PhysMat_Rubber.uasset" 272
"../../../Engine/Content/EngineMaterials/PreintegratedSkinBRDF.uasset" 273
"../../../Engine/Content/EngineMaterials/RemoveSurfaceMaterial.uasset" 274
"../../../Engine/Content/EngineMaterials/WeightMapPlaceholderTexture.uasset" 275
"../../../Engine/Content/Functions/Engine_MaterialFunctions01/ImageAdjustment/sRGBToLinear.uasset" 276
"../../../Engine/Content/Functions/Engine_MaterialFunctions02/Utility/BreakOutFloat3Components.uasset" 277
"../../../Engine/Content/EngineMaterials/Widget3DCameraPassThrough_Opaque_OneSided.uasset" 278
"../../../Engine/Content/EngineMaterials/Widget3DPassThrough.uasset" 279
"../../../Engine/Content/EngineMaterials/Widget3DPassThrough_Masked.uasset" 280
"../../../Engine/Content/EngineMaterials/Widget3DPassThrough_Opaque.uasset" 281
"../../../Engine/Content/EngineMaterials/Widget3DPassThrough_Masked_OneSided.uasset" 282
"../../../Engine/Content/EngineMaterials/Widget3DPassThrough_Opaque_OneSided.uasset" 283
"../../../Engine/Content/EngineMaterials/Widget3DPassThrough_Translucent.uasset" 284
"../../../Engine/Content/EngineMaterials/Widget3DPassThrough_Translucent_OneSided.uasset" 285
"../../../Engine/Content/EngineMeshes/Cylinder.uasset" 286
"../../../Engine/Content/EngineMeshes/Sphere.uasset" 287
"../../../Engine/Content/EngineResources/Black.uasset" 288
"../../../Engine/Content/EngineResources/DefaultTextureCube.uasset" 289
"../../../Engine/Content/EngineResources/DefaultVolumeTexture2D.uasset" 290
"../../../Engine/Content/EngineResources/DefaultVolumeTexture.uasset" 291
"../../../Engine/Content/EngineResources/GradientTexture0.uasset" 292
"../../../Engine/Content/EngineResources/StreamingPauseIcon.uasset" 293
"../../../Engine/Content/EngineResources/M_StreamingPause.uasset" 294
"../../../Engine/Content/EngineSky/VolumetricClouds/T_NoiseShape64.uasset" 295
"../../../Engine/Content/EngineSky/VolumetricClouds/T_VolumeNoiseShape64.uasset" 296
"../../../Engine/Content/EngineSky/VolumetricClouds/T_NoiseErosion.uasset" 297
"../../../Engine/Content/EngineSky/VolumetricClouds/T_VolumeNoiseErosion32.uasset" 298
"../../../Engine/Content/EngineSky/VolumetricClouds/CloudWeatherTexture.uasset" 299
"../../../Engine/Content/EngineSky/VolumetricClouds/CloudGradientTexture.uasset" 300
"../../../Engine/Content/EngineSky/VolumetricClouds/m_SimpleVolumetricCloud.uasset" 301
"../../../Engine/Content/EngineSky/VolumetricClouds/m_SimpleVolumetricCloud_Inst.uasset" 302
"../../../Engine/Content/EngineSounds/Master.uasset" 303
"../../../Engine/Content/Functions/Engine_MaterialFunctions01/Shading/PowerToRoughness.uasset" 304
"../../../Engine/Content/Maps/Templates/Thumbnails/Default.uasset" 305
"../../../Engine/Content/Maps/Templates/Thumbnails/TimeOfDay.uasset" 306
"../../../Engine/Content/Maps/Templates/Thumbnails/VR-Basic.uasset" 307
"../../../Engine/Content/MapTemplates/Sky/DaylightAmbientCubemap.uasset" 308
"../../../Engine/Content/MobileResources/T_MobileControls_texture.uasset" 309
"../../../Engine/Content/MobileResources/T_MobileMenu2.uasset" 310
"../../../Engine/Content/MobileResources/HUD/AnalogHat.uasset" 311
"../../../Engine/Content/MobileResources/HUD/VirtualJoystick_Thumb.uasset" 312
"../../../Engine/Content/MobileResources/HUD/VirtualJoystick_Background.uasset" 313
"../../../Engine/Content/MobileResources/HUD/DefaultVirtualJoysticks.uasset" 314
"../../../Engine/Content/MobileResources/HUD/LeftVirtualJoystickOnly.uasset" 315
"../../../Engine/Content/MobileResources/HUD/MobileHUDButton1_off.uasset" 316
"../../../Engine/Content/MobileResources/HUD/MobileHUDButton1_on.uasset" 317
"../../../Engine/Content/MobileResources/HUD/MobileHUDButton2_off.uasset" 318
"../../../Engine/Content/MobileResources/HUD/MobileHUDButton2_on.uasset" 319
"../../../Engine/Content/MobileResources/HUD/MobileHUDButton3.uasset" 320
"../../../Engine/Content/MobileResources/HUD/MobileHUDButtonFire.uasset" 321
"../../../Engine/Content/MobileResources/HUD/MobileHUDDirectionPad.uasset" 322
"../../../Engine/Content/MobileResources/HUD/MobileHUDDirectionPad2.uasset" 323
"../../../Engine/Content/MobileResources/HUD/MobileHUDDirectionPad3.uasset" 324
"../../../Engine/Content/MobileResources/HUD/MobileHUDDirectionStick.uasset" 325
"../../../Engine/Content/MobileResources/HUD/T_Castle_ThumbstickInner.uasset" 326
"../../../Engine/Content/MobileResources/HUD/T_Castle_ThumbstickOutter.uasset" 327
"../../../Engine/Content/Tutorial/ContentIntroCurve.uasset" 328
"../../../Engine/Content/Tutorial/Basics/LevelEditorAttract.uasset" 329
"../../../Engine/Content/Tutorial/Basics/TutorialAssets/icon_tab_Levels_40x.uasset" 330
"../../../Engine/Content/Tutorial/Basics/LevelEditorOverview.uasset" 331
"../../../Engine/Content/Tutorial/BlueprintTutorials/TutorialAssets/Blueprint_64x.uasset" 332
"../../../Engine/Content/Tutorial/BlueprintTutorials/BlueprintEditorTutorial.uasset" 333
"../../../Engine/Content/Tutorial/BlueprintTutorials/LevelBlueprintEditorOverview.uasset" 334
"../../../Engine/Content/Tutorial/BlueprintTutorials/TutorialAssets/Tutorial_BP_MacroLib.uasset" 335
"../../../Engine/Content/Tutorial/SubEditors/MaterialEditorTutorial.uasset" 336
"../../../Engine/Content/Tutorial/SubEditors/TutorialAssets/TutorialMaterial.uasset" 337
"../../../Engine/Content/VREditor/TransformGizmo/TranslucentTransformGizmoMaterial.uasset" 338
"../../../Engine/Content/VREditor/LaserPointer/VR_LaserPower_01.uasset" 339
"../../../Engine/Content/VREditor/TransformGizmo/TransformGizmoMaterial.uasset" 340
"../../../Engine/Content/VREditor/TransformGizmo/BoundingBoxCorner.uasset" 341
"../../../Engine/Content/VREditor/TransformGizmo/BoundingBoxEdge.uasset" 342
"../../../Engine/Content/VREditor/TransformGizmo/PlaneTranslationHandle.uasset" 343
"../../../Engine/Content/VREditor/TransformGizmo/Xray.uasset" 344
"../../../Engine/Content/VREditor/TransformGizmo/Main.uasset" 345
"../../../Engine/Content/VREditor/TransformGizmo/SM_Sequencer_Key.uasset" 346
"../../../Engine/Content/VREditor/TransformGizmo/SM_Sequencer_Node.uasset" 347
"../../../../../Documents/Unreal Projects/GameJam/Game/Content/Geometry/Meshes/CubeMaterial.uasset" 348
"../../../../../Documents/Unreal Projects/GameJam/Game/Content/Geometry/Meshes/1M_Cube_Chamfer.uasset" 349
"../../../../../Documents/Unreal Projects/GameJam/Game/Content/Spatial/SchemaDatabase.uasset" 350
"../../../../../Documents/Unreal Projects/GameJam/Game/Content/StarterContent/Textures/T_MacroVariation.uasset" 351
"../../../../../Documents/Unreal Projects/GameJam/Game/Content/StarterContent/Textures/T_Tech_Panel_N.uasset" 352
"../../../../../Documents/Unreal Projects/GameJam/Game/Content/StarterContent/Textures/T_Tech_Panel_M.uasset" 353
"../../../../../Documents/Unreal Projects/GameJam/Game/Content/StarterContent/Textures/T_Metal_Steel_D.uasset" 354
"../../../../../Documents/Unreal Projects/GameJam/Game/Content/StarterContent/Materials/M_Tech_Panel.uasset" 355
"../../../../../Documents/Unreal Projects/GameJam/Game/Content/StarterProject/Meshes/SM_Curve_Ball.uasset" 356
"../../../Engine/Content/EditorBlueprintResources/ActorMacros.uasset" 357
"../../../../../Documents/Unreal Projects/GameJam/Game/Content/StarterProject/Blueprints/BP_Handheld_Ball.uasset" 358
"../../../../../Documents/Unreal Projects/GameJam/Game/Content/Mannequin/Character/Mesh/SK_Mannequin_PhysicsAsset.uasset" 359
"../../../../../Documents/Unreal Projects/GameJam/Game/Content/Mannequin/Character/Textures/T_UE4Logo_N.uasset" 360
"../../../../../Documents/Unreal Projects/GameJam/Game/Content/Mannequin/Character/Textures/T_UE4Logo_Mask.uasset" 361
"../../../../../Documents/Unreal Projects/GameJam/Game/Content/Mannequin/Character/Textures/T_Male_N.uasset" 362
"../../../../../Documents/Unreal Projects/GameJam/Game/Content/Mannequin/Character/Textures/T_Male_Mask.uasset" 363
"../../../../../Documents/Unreal Projects/GameJam/Game/Content/Mannequin/Character/Materials/MaterialLayers/T_ML_Rubber_Blue_01_N.uasset" 364
"../../../../../Documents/Unreal Projects/GameJam/Game/Content/Mannequin/Character/Materials/MaterialLayers/T_ML_Rubber_Blue_01_D.uasset" 365
"../../../../../Documents/Unreal Projects/GameJam/Game/Content/Mannequin/Character/Materials/MaterialLayers/T_ML_Aluminum01_N.uasset" 366
"../../../../../Documents/Unreal Projects/GameJam/Game/Content/Mannequin/Character/Materials/MaterialLayers/T_ML_Aluminum01.uasset" 367
"../../../../../Documents/Unreal Projects/GameJam/Game/Content/Mannequin/Character/Materials/MaterialLayers/ML_SoftMetal_UE4.uasset" 368
"../../../../../Documents/Unreal Projects/GameJam/Game/Content/Mannequin/Character/Materials/MaterialLayers/ML_Plastic_Shiny_Beige_LOGO.uasset" 369
"../../../../../Documents/Unreal Projects/GameJam/Game/Content/Mannequin/Character/Materials/MaterialLayers/ML_Plastic_Shiny_Beige.uasset" 370
"../../../../../Documents/Unreal Projects/GameJam/Game/Content/Mannequin/Character/Materials/MaterialLayers/ML_GlossyBlack_Latex_UE4.uasset" 371
"../../../Engine/Content/Functions/MaterialLayerFunctions/MatLayerBlend_Simple.uasset" 372
"../../../Engine/Content/Functions/Engine_MaterialFunctions02/Utility/BlendAngleCorrectedNormals.uasset" 373
"../../../Engine/Content/Functions/MaterialLayerFunctions/MatLayerBlend_NormalBlend.uasset" 374
"../../../../../Documents/Unreal Projects/GameJam/Game/Content/Mannequin/Character/Materials/M_Male_Body.uasset" 375
"../../../../../Documents/Unreal Projects/GameJam/Game/Content/Mannequin/Character/Materials/M_UE4Man_ChestLogo.uasset" 376
"../../../../../Documents/Unreal Projects/GameJam/Game/Content/Mannequin/Character/Mesh/UE4_Mannequin_Skeleton.uasset" 377
"../../../../../Documents/Unreal Projects/GameJam/Game/Content/Mannequin/Character/Mesh/SK_Mannequin.uasset" 378
"../../../Engine/Content/Animation/DefaultAnimCurveCompressionSettings.uasset" 379
"../../../Engine/Content/Animation/DefaultAnimBoneCompressionSettings.uasset" 380
"../../../../../Documents/Unreal Projects/GameJam/Game/Content/Mannequin/Animations/ThirdPersonWalk.uasset" 381
"../../../../../Documents/Unreal Projects/GameJam/Game/Content/Mannequin/Animations/ThirdPersonRun.uasset" 382
"../../../../../Documents/Unreal Projects/GameJam/Game/Content/Mannequin/Animations/ThirdPersonIdle.uasset" 383
"../../../../../Documents/Unreal Projects/GameJam/Game/Content/Mannequin/Animations/ThirdPerson_IdleRun_2D.uasset" 384
"../../../../../Documents/Unreal Projects/GameJam/Game/Content/Mannequin/Animations/ThirdPerson_Jump.uasset" 385
"../../../../../Documents/Unreal Projects/GameJam/Game/Content/Mannequin/Animations/ThirdPersonJump_Start.uasset" 386
"../../../../../Documents/Unreal Projects/GameJam/Game/Content/Mannequin/Animations/ThirdPersonJump_Loop.uasset" 387
"../../../../../Documents/Unreal Projects/GameJam/Game/Content/Mannequin/Animations/ThirdPerson_AnimBP.uasset" 388
"../../../../../Documents/Unreal Projects/GameJam/Game/Content/StarterProject/Characters/PlayerCharacter_BP.uasset" 389
"../../../../../Documents/Unreal Projects/GameJam/Game/Content/StarterProject/Characters/SimulatedPlayers/SimulatedPlayerBlackboard_BP.uasset" 390
"../../../../../Documents/Unreal Projects/GameJam/Game/Content/StarterProject/Characters/SimulatedPlayers/SimulatedPlayerBehaviorTree_BP.uasset" 391
"../../../../../Documents/Unreal Projects/GameJam/Game/Content/StarterProject/Characters/SimulatedPlayers/SimulatedPlayerAIController_BP.uasset" 392
"../../../../../Documents/Unreal Projects/GameJam/Game/Content/StarterProject/Characters/SimulatedPlayers/SimulatedPlayerCharacter_BP.uasset" 393
"../../Plugins/2D/Paper2D/Content/PlaceholderTextures/DummySpriteTexture.uasset" 394
"../../Plugins/2D/Paper2D/Content/DummySprite.uasset" 395
"../../Plugins/2D/Paper2D/Content/DefaultPaperTerrainMaterial.uasset" 396
"../../Plugins/2D/Paper2D/Content/DefaultSpriteMaterial.uasset" 397
"../../Plugins/2D/Paper2D/Content/MaskedUnlitSpriteMaterial.uasset" 398
"../../Plugins/2D/Paper2D/Content/OpaqueUnlitSpriteMaterial.uasset" 399
"../../Plugins/FX/Niagara/Content/Enums/ENiagaraAnimTrailWidthMode.uasset" 400
"../../Plugins/FX/Niagara/Content/Enums/ENiagaraArraySamplingMode.uasset" 401
"../../Plugins/FX/Niagara/Content/Enums/ENiagaraBoneSamplingMode.uasset" 402
"../../Plugins/FX/Niagara/Content/Enums/ENiagaraBoneSocketSamplingMode.uasset" 403
"../../Plugins/FX/Niagara/Content/Enums/ENiagaraBooleanLogicOps.uasset" 404
"../../Plugins/FX/Niagara/Content/Enums/ENiagaraBooleanLogicOps_v2.uasset" 405
"../../Plugins/FX/Niagara/Content/Enums/ENiagaraCalculateRadiusOptions.uasset" 406
"../../Plugins/FX/Niagara/Content/Enums/ENiagaraChannelCorrelation.uasset" 407
"../../Plugins/FX/Niagara/Content/Enums/ENiagaraCollisionRadiusOptions.uasset" 408
"../../Plugins/FX/Niagara/Content/Enums/ENiagaraCoordinateSpace.uasset" 409
"../../Plugins/FX/Niagara/Content/Enums/ENiagaraCurlNoiseQuality.uasset" 410
"../../Plugins/FX/Niagara/Content/Enums/ENiagaraEmitterLifeCycleMode.uasset" 411
"../../Plugins/FX/Niagara/Content/Enums/ENiagaraEmitterScalabilityMode.uasset" 412
"../../Plugins/FX/Niagara/Content/Enums/ENiagaraEmitterScalabilityMode_Limited.uasset" 413
"../../Plugins/FX/Niagara/Content/Enums/ENiagaraExecutionStateManagement.uasset" 414
"../../Plugins/FX/Niagara/Content/Enums/ENiagaraExpansionMode.uasset" 415
"../../Plugins/FX/Niagara/Content/Enums/ENiagaraFrictionMergeType.uasset" 416
"../../Plugins/FX/Niagara/Content/Enums/ENiagaraGPUDepthResponseType.uasset" 417
"../../Plugins/FX/Niagara/Content/Enums/ENiagaraGridPlacementType.uasset" 418
"../../Plugins/FX/Niagara/Content/Enums/ENiagaraInactiveMode.uasset" 419
"../../Plugins/FX/Niagara/Content/Enums/ENiagaraKillVolumeOptions.uasset" 420
"../../Plugins/FX/Niagara/Content/Enums/ENiagaraLinearColor_Channels.uasset" 421
"../../Plugins/FX/Niagara/Content/Enums/ENiagaraMassByVolume.uasset" 422
"../../Plugins/FX/Niagara/Content/Enums/ENiagaraMassCalculationForRendererTypes.uasset" 423
"../../Plugins/FX/Niagara/Content/Enums/ENiagaraMeshOrSprite.uasset" 424
"../../Plugins/FX/Niagara/Content/Enums/ENiagaraMeshSamplingMode.uasset" 425
"../../Plugins/FX/Niagara/Content/Enums/ENiagaraMeshSurfaceSamplingMode.uasset" 426
"../../Plugins/FX/Niagara/Content/Enums/ENiagaraMeshTransforms.uasset" 427
"../../Plugins/FX/Niagara/Content/Enums/ENiagaraMinOrMax.uasset" 428
"../../Plugins/FX/Niagara/Content/Enums/ENiagaraNumericVariableTypes.uasset" 429
"../../Plugins/FX/Niagara/Content/Enums/ENiagaraOrientationAxis.uasset" 430
"../../Plugins/FX/Niagara/Content/Enums/ENiagaraQuaternionDerivationTechnique.uasset" 431
"../../Plugins/FX/Niagara/Content/Enums/ENiagaraRandomnessEvaluation.uasset" 432
"../../Plugins/FX/Niagara/Content/Enums/ENiagaraRandomnessMode.uasset" 433
"../../Plugins/FX/Niagara/Content/Enums/ENiagaraRestitutionMergeType.uasset" 434
"../../Plugins/FX/Niagara/Content/Enums/ENiagaraScaleColorMode.uasset" 435
"../../Plugins/FX/Niagara/Content/Enums/ENiagaraSimulationTarget.uasset" 436
"../../Plugins/FX/Niagara/Content/Enums/ENiagaraSkeletalSpawning.uasset" 437
"../../Plugins/FX/Niagara/Content/Enums/ENiagaraSkelSamplingFilteringMode.uasset" 438
"../../Plugins/FX/Niagara/Content/Enums/ENiagaraSkelSamplingModeFull.uasset" 439
"../../Plugins/FX/Niagara/Content/Enums/ENiagaraSocketSamplingMode.uasset" 440
"../../Plugins/FX/Niagara/Content/Enums/ENiagaraSphereDistributionMode.uasset" 441
"../../Plugins/FX/Niagara/Content/Enums/ENiagaraSUbUVAnimationMode.uasset" 442
"../../Plugins/FX/Niagara/Content/Enums/ENiagaraSystemInactiveMode.uasset" 443
"../../Plugins/FX/Niagara/Content/Enums/ENiagaraTorusDistributionMode.uasset" 444
"../../Plugins/FX/Niagara/Content/Enums/ENiagaraTorusMode.uasset" 445
"../../Plugins/FX/Niagara/Content/Enums/ENiagaraTriangleSamplingMode.uasset" 446
"../../Plugins/FX/Niagara/Content/Enums/ENiagaraVector2_Channels.uasset" 447
"../../Plugins/FX/Niagara/Content/Enums/ENiagaraVector3_Channels.uasset" 448
"../../Plugins/FX/Niagara/Content/Enums/ENiagaraVector4_Channels.uasset" 449
"../../Plugins/FX/Niagara/Content/Enums/ENiagaraVertexFilteringMode.uasset" 450
"../../Plugins/FX/Niagara/Content/Enums/ENiagaraVertexSamplingMode.uasset" 451
"../../Plugins/FX/Niagara/Content/Enums/ENiagara_AudioParamType.uasset" 452
"../../Plugins/FX/Niagara/Content/Enums/ENiagara_BankOnTurns.uasset" 453
"../../Plugins/FX/Niagara/Content/Enums/ENiagara_CameraMeshOrientation.uasset" 454
"../../Plugins/FX/Niagara/Content/Enums/ENiagara_CameraProperties.uasset" 455
"../../Plugins/FX/Niagara/Content/Enums/ENiagara_CollisionType.uasset" 456
"../../Plugins/FX/Niagara/Content/Enums/ENiagara_ColorInitializationMode.uasset" 457
"../../Plugins/FX/Niagara/Content/Enums/ENiagara_CPUCollisionType.uasset" 458
"../../Plugins/FX/Niagara/Content/Enums/ENiagara_DirectReadApplicationMode.uasset" 459
"../../Plugins/FX/Niagara/Content/Enums/ENiagara_DirectReadParticleIDSampling.uasset" 460
"../../Plugins/FX/Niagara/Content/Enums/ENiagara_DirectReadSamplingMode.uasset" 461
"../../Plugins/FX/Niagara/Content/Enums/ENiagara_EmitterLocSamplingMode.uasset" 462
"../../Plugins/FX/Niagara/Content/Enums/ENiagara_EmitterStateOptions.uasset" 463
"../../Plugins/FX/Niagara/Content/Enums/ENiagara_FadeOperationType.uasset" 464
"../../Plugins/FX/Niagara/Content/Enums/ENiagara_Float4Channel.uasset" 465
"../../Plugins/FX/Niagara/Content/Enums/ENiagara_GPUCollisionType.uasset" 466
"../../Plugins/FX/Niagara/Content/Enums/ENiagara_IDAttributes.uasset" 467
"../../Plugins/FX/Niagara/Content/Enums/ENiagara_InfiniteLoopDuration.uasset" 468
"../../Plugins/FX/Niagara/Content/Enums/ENiagara_LifetimeInheritanceOptions.uasset" 469
"../../Plugins/FX/Niagara/Content/Enums/ENiagara_LifetimeMode.uasset" 470
"../../Plugins/FX/Niagara/Content/Enums/ENiagara_MassInitializationMode.uasset" 471
"../../Plugins/FX/Niagara/Content/Enums/ENiagara_MultipleLerpCount.uasset" 472
"../../Plugins/FX/Niagara/Content/Enums/ENiagara_PositionInitializationMode.uasset" 473
"../../Plugins/FX/Niagara/Content/Enums/ENiagara_RotationDefinitionApproach.uasset" 474
"../../Plugins/FX/Niagara/Content/Enums/ENiagara_SizeScaleMode.uasset" 475
"../../Plugins/FX/Niagara/Content/Enums/ENiagara_SpawnBurstMode.uasset" 476
"../../Plugins/FX/Niagara/Content/Enums/ENiagara_SpriteRotationMode.uasset" 477
"../../Plugins/FX/Niagara/Content/Enums/ENiagara_SubUVLookupMode.uasset" 478
"../../Plugins/FX/Niagara/Content/Enums/ENiagara_TransformBaseOptions.uasset" 479
"../../Plugins/FX/Niagara/Content/Enums/ENiagara_TransformMode.uasset" 480
"../../Plugins/FX/Niagara/Content/Enums/ENiagara_TransformOrientationMode.uasset" 481
"../../Plugins/FX/Niagara/Content/Enums/ENiagara_UVFlippingMode.uasset" 482
"../../Plugins/FX/Niagara/Content/Enums/Niagara_Units.uasset" 483
"../../Plugins/FX/Niagara/Content/Enums/CascadeConversion/ECascadeNiagaraOrbitChainMode.uasset" 484
"../../Plugins/FX/Niagara/Content/Enums/CascadeConversion/ECascadeNiagaraTwoVectorChannels.uasset" 485
"../../Plugins/FX/Niagara/Content/Icons/S_ParticleSystem.uasset" 486
"../../Plugins/Editor/SpeedTreeImporter/Content/SpeedTree9/UnpackInteger3.uasset" 487
"../../Plugins/Editor/SpeedTreeImporter/Content/SpeedTree9/UnpackDirection.uasset" 488
"../../Plugins/Editor/SpeedTreeImporter/Content/SpeedTree9/game_wind_noise.uasset" 489
"../../../Engine/Content/Functions/Engine_MaterialFunctions02/SafeNormalize.uasset" 490
"../../Plugins/Editor/SpeedTreeImporter/Content/SpeedTree9/SpeedTreeWindMotion.uasset" 491
"../../Plugins/Editor/SpeedTreeImporter/Content/SpeedTree9/SpeedTreeBranchMotion.uasset" 492
"../../../Engine/Content/Functions/Engine_MaterialFunctions02/ObjectLocalBounds.uasset" 493
"../../../Engine/Content/Functions/Engine_MaterialFunctions02/UVs/BoundingBoxBased_0-1_UVW.uasset" 494
"../../Plugins/Editor/SpeedTreeImporter/Content/SpeedTree9/SpeedTreeWind.uasset" 495
"../../Plugins/Editor/SpeedTreeImporter/Content/SpeedTree9/SpeedTreeBillboard.uasset" 496
"../../../Engine/Content/EngineResources/DefaultTexture.uasset" 497
"../../Plugins/Editor/SpeedTreeImporter/Content/SpeedTree9/SpeedTreeBillboardMaster.uasset" 498
"../../Plugins/Editor/SpeedTreeImporter/Content/SpeedTree9/SpeedTreeCameraFacing.uasset" 499
"../../Plugins/Editor/SpeedTreeImporter/Content/SpeedTree9/SpeedTreeMaster.uasset" 500
"../../Plugins/UnrealGDK/SpatialGDK/Content/SpatialDebugger/Textures/LockOpen.uasset" 501
"../../Plugins/UnrealGDK/SpatialGDK/Content/SpatialDebugger/Textures/Box.uasset" 502
"../../Plugins/UnrealGDK/SpatialGDK/Content/SpatialDebugger/Textures/AuthIntent.uasset" 503
"../../Plugins/UnrealGDK/SpatialGDK/Content/SpatialDebugger/Textures/Auth.uasset" 504
"../../../Engine/Content/EngineFonts/Faces/RobotoRegular.uasset" 505
"../../../Engine/Content/EngineFonts/Faces/RobotoLight.uasset" 506
"../../../Engine/Content/EngineFonts/Faces/RobotoItalic.uasset" 507
"../../../Engine/Content/EngineFonts/Faces/RobotoBoldItalic.uasset" 508
"../../../Engine/Content/EngineFonts/Faces/RobotoBold.uasset" 509
"../../../Engine/Content/EngineFonts/Roboto.uasset" 510
"../../Plugins/UnrealGDK/SpatialGDK/Content/SpatialDebugger/WBP_SpatialDebuggerConfigMenu.uasset" 511
"../../Plugins/UnrealGDK/SpatialGDK/Content/SpatialDebugger/Textures/LockClosed.uasset" 512
"../../Plugins/UnrealGDK/SpatialGDK/Content/SpatialDebugger/Textures/crosshair.uasset" 513
"../../Plugins/UnrealGDK/SpatialGDK/Content/SpatialDebugger/BP_SpatialDebugger.uasset" 514
"../../Plugins/UnrealGDK/SpatialGDK/Content/SpatialDebugger/Fonts/MuliFont.uasset" 515
"../../Plugins/UnrealGDK/SpatialGDK/Content/SpatialDebugger/Materials/GlowingWireframeMaterial.uasset" 516
"../../Plugins/UnrealGDK/SpatialGDK/Content/SpatialDebugger/Materials/TranslucentWorkerRegion.uasset" 517
"../../../Engine/Content/Functions/Engine_MaterialFunctions02/WorldPositionOffset/ObjectScale.uasset" 518
"../../Plugins/UnrealGDK/SpatialGDK/Content/SpatialDebugger/Materials/WorkerRegionCombinedMaterial.uasset" 519
"../../../Engine/Content/Functions/Engine_MaterialFunctions02/Utility/BreakOutFloat4Components.uasset" 520
"../../Plugins/Runtime/Oculus/OculusVR/Content/Materials/OculusMR_ChromaKey.uasset" 521
"../../Plugins/Runtime/Oculus/OculusVR/Content/Materials/OculusMR_OpaqueColoredMaterial.uasset" 522
"../../Plugins/Runtime/Oculus/OculusVR/Content/Materials/PokeAHoleMaterial.uasset" 523
"../../../../../Documents/Unreal Projects/GameJam/Game/Content/StarterProject/Maps/ThirdPersonExampleMap_BuiltData.uasset" 524
"../../../../../Documents/Unreal Projects/GameJam/Game/Content/StarterProject/Blueprints/BP_HUD.uasset" 525
"../../../../../Documents/Unreal Projects/GameJam/Game/Content/StarterProject/Blueprints/BP_GameMode.uasset" 526
"../../../../../Documents/Unreal Projects/GameJam/Game/Content/StarterProject/Meshes/RampMaterial.uasset" 527
"../../../../../Documents/Unreal Projects/GameJam/Game/Content/StarterProject/Meshes/RightArm_StaticMesh.uasset" 528
"../../../../../Documents/Unreal Projects/GameJam/Game/Content/StarterProject/Meshes/Ramp_StaticMesh.uasset" 529
"../../../../../Documents/Unreal Projects/GameJam/Game/Content/StarterProject/Meshes/Linear_Stair_StaticMesh.uasset" 530
"../../../../../Documents/Unreal Projects/GameJam/Game/Content/StarterProject/Meshes/LeftArm_StaticMesh.uasset" 531
"../../../../../Documents/Unreal Projects/GameJam/Game/Content/StarterProject/Meshes/Bump_StaticMesh.uasset" 532
"../../../../../Documents/Unreal Projects/GameJam/Game/Content/Geometry/Meshes/TemplateFloor.uasset" 533
"../../../../../Documents/Unreal Projects/GameJam/Game/Content/Geometry/Meshes/1M_Cube.uasset" 534
"../../../Engine/Content/EngineSky/T_Sky_Stars.uasset" 535
"../../../Engine/Content/EngineSky/T_Sky_Clouds_M.uasset" 536
"../../../Engine/Content/EngineSky/T_Sky_Blue.uasset" 537
"../../../Engine/Content/EngineSky/M_Sky_Panning_Clouds2.uasset" 538
"../../../Engine/Content/EngineSky/SM_SkySphere.uasset" 539
"../../../Engine/Content/EngineSky/C_Sky_Zenith_Color.uasset" 540
"../../../Engine/Content/EngineSky/C_Sky_Horizon_Color.uasset" 541
"../../../Engine/Content/EngineSky/C_Sky_Cloud_Color.uasset" 542
"../../../Engine/Content/EngineSky/BP_Sky_Sphere.uasset" 543
"../../../../../Documents/Unreal Projects/GameJam/Game/Content/StarterProject/Maps/ThirdPersonExampleMap.umap" 544
