"../../../../../Documents/Unreal Projects/GameJam/Game/Content/Geometry/Meshes/CubeMaterial.uasset" 0
"../../../../../Documents/Unreal Projects/GameJam/Game/Content/Geometry/Meshes/1M_Cube.uasset" 1
"../../../../../Documents/Unreal Projects/GameJam/Game/Content/Geometry/Meshes/1M_Cube_Chamfer.uasset" 2
"../../../../../Documents/Unreal Projects/GameJam/Game/Content/Geometry/Meshes/TemplateFloor.uasset" 3
"../../../../../Documents/Unreal Projects/GameJam/Game/Content/Mannequin/Character/Mesh/UE4_Mannequin_Skeleton.uasset" 4
"../../../../../Documents/Unreal Projects/GameJam/Game/Content/Mannequin/Animations/ThirdPersonJump_End.uasset" 5
"../../../../../Documents/Unreal Projects/GameJam/Game/Content/Mannequin/Character/Mesh/SK_Mannequin_Female_PhysicsAsset.uasset" 6
"../../../../../Documents/Unreal Projects/GameJam/Game/Content/Mannequin/Character/Textures/T_UE4Logo_N.uasset" 7
"../../../../../Documents/Unreal Projects/GameJam/Game/Content/Mannequin/Character/Textures/T_UE4Logo_Mask.uasset" 8
"../../../../../Documents/Unreal Projects/GameJam/Game/Content/Mannequin/Character/Textures/T_Male_N.uasset" 9
"../../../../../Documents/Unreal Projects/GameJam/Game/Content/Mannequin/Character/Textures/T_Male_Mask.uasset" 10
"../../../../../Documents/Unreal Projects/GameJam/Game/Content/Mannequin/Character/Materials/MaterialLayers/T_ML_Rubber_Blue_01_N.uasset" 11
"../../../../../Documents/Unreal Projects/GameJam/Game/Content/Mannequin/Character/Materials/MaterialLayers/T_ML_Rubber_Blue_01_D.uasset" 12
"../../../../../Documents/Unreal Projects/GameJam/Game/Content/Mannequin/Character/Materials/MaterialLayers/T_ML_Aluminum01_N.uasset" 13
"../../../../../Documents/Unreal Projects/GameJam/Game/Content/Mannequin/Character/Materials/MaterialLayers/T_ML_Aluminum01.uasset" 14
"../../../../../Documents/Unreal Projects/GameJam/Game/Content/Mannequin/Character/Materials/MaterialLayers/ML_SoftMetal_UE4.uasset" 15
"../../../../../Documents/Unreal Projects/GameJam/Game/Content/Mannequin/Character/Materials/MaterialLayers/ML_Plastic_Shiny_Beige_LOGO.uasset" 16
"../../../../../Documents/Unreal Projects/GameJam/Game/Content/Mannequin/Character/Materials/MaterialLayers/ML_Plastic_Shiny_Beige.uasset" 17
"../../../../../Documents/Unreal Projects/GameJam/Game/Content/Mannequin/Character/Materials/MaterialLayers/ML_GlossyBlack_Latex_UE4.uasset" 18
"../../../Engine/Content/Functions/MaterialLayerFunctions/MatLayerBlend_Simple.uasset" 19
"../../../Engine/Content/Functions/Engine_MaterialFunctions02/Utility/BlendAngleCorrectedNormals.uasset" 20
"../../../Engine/Content/Functions/MaterialLayerFunctions/MatLayerBlend_NormalBlend.uasset" 21
"../../../../../Documents/Unreal Projects/GameJam/Game/Content/Mannequin/Character/Materials/M_Male_Body.uasset" 22
"../../../../../Documents/Unreal Projects/GameJam/Game/Content/Mannequin/Character/Materials/M_UE4Man_ChestLogo.uasset" 23
"../../../../../Documents/Unreal Projects/GameJam/Game/Content/Mannequin/Character/Textures/T_Female_N.uasset" 24
"../../../../../Documents/Unreal Projects/GameJam/Game/Content/Mannequin/Character/Textures/T_Female_Mask.uasset" 25
"../../../../../Documents/Unreal Projects/GameJam/Game/Content/Mannequin/Character/Materials/MI_Female_Body.uasset" 26
"../../../../../Documents/Unreal Projects/GameJam/Game/Content/Mannequin/Character/Mesh/SK_Mannequin_Female.uasset" 27
"../../../../../Documents/Unreal Projects/GameJam/Game/Content/StarterContent/Materials/M_Basic_Wall.uasset" 28
"../../../../../Documents/Unreal Projects/GameJam/Game/Content/StarterContent/Architecture/Pillar_50x500.uasset" 29
"../../../../../Documents/Unreal Projects/GameJam/Game/Content/StarterContent/Architecture/Wall_400x300.uasset" 30
"../../../../../Documents/Unreal Projects/GameJam/Game/Content/StarterContent/Architecture/Wall_400x400.uasset" 31
"../../../../../Documents/Unreal Projects/GameJam/Game/Content/StarterContent/Architecture/Wall_500x500.uasset" 32
"../../../../../Documents/Unreal Projects/GameJam/Game/Content/StarterContent/Architecture/Wall_Door_400x400.uasset" 33
"../../../../../Documents/Unreal Projects/GameJam/Game/Content/StarterContent/Architecture/Wall_Window_400x400.uasset" 34
"../../../../../Documents/Unreal Projects/GameJam/Game/Content/StarterContent/Audio/Collapse01.uasset" 35
"../../../../../Documents/Unreal Projects/GameJam/Game/Content/StarterContent/Audio/Collapse02.uasset" 36
"../../../../../Documents/Unreal Projects/GameJam/Game/Content/StarterContent/Audio/Explosion01.uasset" 37
"../../../../../Documents/Unreal Projects/GameJam/Game/Content/StarterContent/Audio/Explosion02.uasset" 38
"../../../../../Documents/Unreal Projects/GameJam/Game/Content/StarterContent/Audio/Fire01.uasset" 39
"../../../../../Documents/Unreal Projects/GameJam/Game/Content/StarterContent/Audio/Fire_Sparks01.uasset" 40
"../../../../../Documents/Unreal Projects/GameJam/Game/Content/StarterContent/Audio/Light01.uasset" 41
"../../../../../Documents/Unreal Projects/GameJam/Game/Content/StarterContent/Audio/Light01_Cue.uasset" 42
"../../../../../Documents/Unreal Projects/GameJam/Game/Content/StarterContent/Audio/Light02.uasset" 43
"../../../../../Documents/Unreal Projects/GameJam/Game/Content/StarterContent/Audio/Light02_Cue.uasset" 44
"../../../../../Documents/Unreal Projects/GameJam/Game/Content/StarterContent/Audio/Smoke01.uasset" 45
"../../../../../Documents/Unreal Projects/GameJam/Game/Content/StarterContent/Audio/Starter_Birds01.uasset" 46
"../../../../../Documents/Unreal Projects/GameJam/Game/Content/StarterContent/Audio/Starter_Music01.uasset" 47
"../../../../../Documents/Unreal Projects/GameJam/Game/Content/StarterContent/Audio/Starter_Wind05.uasset" 48
"../../../../../Documents/Unreal Projects/GameJam/Game/Content/StarterContent/Audio/Starter_Wind06.uasset" 49
"../../../../../Documents/Unreal Projects/GameJam/Game/Content/StarterContent/Audio/Steam01.uasset" 50
"../../../../../Documents/Unreal Projects/GameJam/Game/Content/StarterContent/Textures/T_Smoke_Tiled_D.uasset" 51
"../../../../../Documents/Unreal Projects/GameJam/Game/Content/StarterContent/Textures/T_Smoke_SubUV.uasset" 52
"../../../../../Documents/Unreal Projects/GameJam/Game/Content/StarterContent/Particles/Materials/M_smoke_subUV.uasset" 53
"../../../Engine/Content/Functions/Engine_MaterialFunctions01/Gradient/RadialGradient.uasset" 54
"../../../../../Documents/Unreal Projects/GameJam/Game/Content/StarterContent/Particles/Materials/M_radial_ramp.uasset" 55
"../../../../../Documents/Unreal Projects/GameJam/Game/Content/StarterContent/Particles/Materials/m_flare_01.uasset" 56
"../../../../../Documents/Unreal Projects/GameJam/Game/Content/StarterContent/Textures/T_Explosion_SubUV.uasset" 57
"../../../../../Documents/Unreal Projects/GameJam/Game/Content/StarterContent/Particles/Materials/M_explosion_subUV.uasset" 58
"../../../../../Documents/Unreal Projects/GameJam/Game/Content/StarterContent/Textures/T_Burst_M.uasset" 59
"../../../../../Documents/Unreal Projects/GameJam/Game/Content/StarterContent/Particles/Materials/M_Burst.uasset" 60
"../../../../../Documents/Unreal Projects/GameJam/Game/Content/StarterContent/Particles/P_Explosion.uasset" 61
"../../../../../Documents/Unreal Projects/GameJam/Game/Content/StarterContent/Audio/Explosion_Cue.uasset" 62
"../../../../../Documents/Unreal Projects/GameJam/Game/Content/StarterContent/Blueprints/Blueprint_Effect_Explosion.uasset" 63
"../../../Engine/Content/EditorMeshes/ColorCalibrator/T_ColorGrid.uasset" 64
"../../../../../Documents/Unreal Projects/GameJam/Game/Content/StarterContent/Materials/M_ColorGrid_LowSpec.uasset" 65
"../../../../../Documents/Unreal Projects/GameJam/Game/Content/StarterContent/Textures/T_Bush_N.uasset" 66
"../../../../../Documents/Unreal Projects/GameJam/Game/Content/StarterContent/Textures/T_Bush_D.uasset" 67
"../../../../../Documents/Unreal Projects/GameJam/Game/Content/StarterContent/Props/Materials/M_Bush.uasset" 68
"../../../../../Documents/Unreal Projects/GameJam/Game/Content/StarterContent/Props/SM_Bush.uasset" 69
"../../../../../Documents/Unreal Projects/GameJam/Game/Content/StarterContent/Textures/T_Chair_N.uasset" 70
"../../../../../Documents/Unreal Projects/GameJam/Game/Content/StarterContent/Textures/T_Chair_M.uasset" 71
"../../../../../Documents/Unreal Projects/GameJam/Game/Content/StarterContent/Props/Materials/M_Chair.uasset" 72
"../../../../../Documents/Unreal Projects/GameJam/Game/Content/StarterContent/Props/SM_Couch.uasset" 73
"../../../../../Documents/Unreal Projects/GameJam/Game/Content/StarterContent/Textures/T_Door_N.uasset" 74
"../../../../../Documents/Unreal Projects/GameJam/Game/Content/StarterContent/Textures/T_Door_M.uasset" 75
"../../../../../Documents/Unreal Projects/GameJam/Game/Content/StarterContent/Props/Materials/M_Door.uasset" 76
"../../../../../Documents/Unreal Projects/GameJam/Game/Content/StarterContent/Materials/M_Glass.uasset" 77
"../../../../../Documents/Unreal Projects/GameJam/Game/Content/StarterContent/Props/SM_Door.uasset" 78
"../../../../../Documents/Unreal Projects/GameJam/Game/Content/StarterContent/Props/Materials/M_MaterialSphere_Plain.uasset" 79
"../../../../../Documents/Unreal Projects/GameJam/Game/Content/StarterContent/Props/Materials/M_MaterialSphere.uasset" 80
"../../../../../Documents/Unreal Projects/GameJam/Game/Content/StarterContent/Props/SM_MatPreviewMesh_02.uasset" 81
"../../../../../Documents/Unreal Projects/GameJam/Game/Content/StarterContent/Textures/T_RockMesh_N.uasset" 82
"../../../../../Documents/Unreal Projects/GameJam/Game/Content/StarterContent/Textures/T_RockMesh_M.uasset" 83
"../../../../../Documents/Unreal Projects/GameJam/Game/Content/StarterContent/Textures/T_Rock_Basalt_D.uasset" 84
"../../../../../Documents/Unreal Projects/GameJam/Game/Content/StarterContent/Textures/T_Detail_Rocky_N.uasset" 85
"../../../../../Documents/Unreal Projects/GameJam/Game/Content/StarterContent/Props/Materials/M_Rock.uasset" 86
"../../../../../Documents/Unreal Projects/GameJam/Game/Content/StarterContent/Props/SM_Rock.uasset" 87
"../../../../../Documents/Unreal Projects/GameJam/Game/Content/StarterContent/Textures/T_Shelf_N.uasset" 88
"../../../../../Documents/Unreal Projects/GameJam/Game/Content/StarterContent/Textures/T_Shelf_M.uasset" 89
"../../../../../Documents/Unreal Projects/GameJam/Game/Content/StarterContent/Props/Materials/M_Shelf.uasset" 90
"../../../../../Documents/Unreal Projects/GameJam/Game/Content/StarterContent/Props/SM_Shelf.uasset" 91
"../../../../../Documents/Unreal Projects/GameJam/Game/Content/StarterContent/Materials/M_Basic_Floor.uasset" 92
"../../../../../Documents/Unreal Projects/GameJam/Game/Content/StarterContent/Props/SM_Stairs.uasset" 93
"../../../../../Documents/Unreal Projects/GameJam/Game/Content/StarterContent/Shapes/Shape_Cone.uasset" 94
"../../../../../Documents/Unreal Projects/GameJam/Game/Content/StarterContent/Shapes/Shape_Cylinder.uasset" 95
"../../../../../Documents/Unreal Projects/GameJam/Game/Content/StarterContent/Shapes/Shape_NarrowCapsule.uasset" 96
"../../../../../Documents/Unreal Projects/GameJam/Game/Content/StarterContent/Shapes/Shape_Pipe.uasset" 97
"../../../../../Documents/Unreal Projects/GameJam/Game/Content/StarterContent/Shapes/Shape_Pipe_180.uasset" 98
"../../../../../Documents/Unreal Projects/GameJam/Game/Content/StarterContent/Shapes/Shape_Pipe_90.uasset" 99
"../../../../../Documents/Unreal Projects/GameJam/Game/Content/StarterContent/Shapes/Shape_Plane.uasset" 100
"../../../../../Documents/Unreal Projects/GameJam/Game/Content/StarterContent/Shapes/Shape_Torus.uasset" 101
"../../../../../Documents/Unreal Projects/GameJam/Game/Content/StarterContent/Shapes/Shape_Trim.uasset" 102
"../../../../../Documents/Unreal Projects/GameJam/Game/Content/StarterContent/Shapes/Shape_Trim_90_In.uasset" 103
"../../../../../Documents/Unreal Projects/GameJam/Game/Content/StarterContent/Shapes/Shape_Trim_90_Out.uasset" 104
"../../../../../Documents/Unreal Projects/GameJam/Game/Content/StarterContent/Shapes/Shape_TriPyramid.uasset" 105
"../../../../../Documents/Unreal Projects/GameJam/Game/Content/StarterContent/Shapes/Shape_Tube.uasset" 106
"../../../../../Documents/Unreal Projects/GameJam/Game/Content/StarterContent/Shapes/Shape_Wedge_A.uasset" 107
"../../../../../Documents/Unreal Projects/GameJam/Game/Content/StarterContent/Shapes/Shape_Wedge_B.uasset" 108
"../../../../../Documents/Unreal Projects/GameJam/Game/Content/StarterContent/Shapes/Shape_WideCapsule.uasset" 109
"../../../Engine/Content/Functions/Engine_MaterialFunctions01/Opacity/CameraDepthFade.uasset" 110
"../../../Engine/Content/EngineMaterials/T_Default_Material_Grid_N.uasset" 111
"../../../Engine/Content/EngineMaterials/T_Default_Material_Grid_M.uasset" 112
"../../../Engine/Content/EngineMaterials/WorldGridMaterial.uasset" 113
"../../../../../Documents/Unreal Projects/GameJam/Game/Content/StarterProject/Assets/SM_Ceiling_Bulb.uasset" 114
"../../../../../Documents/Unreal Projects/GameJam/Game/Content/StarterProject/Characters/SimulatedPlayers/SimulatedPlayerBlackboard_BP.uasset" 115
"../../../../../Documents/Unreal Projects/GameJam/Game/Content/StarterProject/Characters/SimulatedPlayers/SimulatedPlayerBehaviorTree_BP.uasset" 116
"../../../../../Documents/Unreal Projects/GameJam/Game/Content/StarterProject/Characters/SimulatedPlayers/SimulatedPlayerAIController_BP.uasset" 117
"../../../../../Documents/Unreal Projects/GameJam/Game/Content/StarterProject/Widgets/W_YouKIlled.uasset" 118
"../../../../../Documents/Unreal Projects/GameJam/Game/Content/StarterProject/Widgets/W_YouDied.uasset" 119
"../../../../../Documents/Unreal Projects/GameJam/Game/Content/StarterProject/Widgets/W_Caught.uasset" 120
"../../../../../Documents/Unreal Projects/GameJam/Game/Content/StarterProject/Blueprints/BP_ETeam.uasset" 121
"../../../../../Documents/Unreal Projects/GameJam/Game/Content/StarterProject/Blueprints/BP_PlayerState.uasset" 122
"../../../Engine/Content/EditorBlueprintResources/StandardMacros.uasset" 123
"../../../Engine/Content/EditorBlueprintResources/ActorMacros.uasset" 124
"../../../../../Documents/Unreal Projects/GameJam/Game/Content/StarterContent/Textures/T_Tech_Panel_N.uasset" 125
"../../../../../Documents/Unreal Projects/GameJam/Game/Content/StarterContent/Textures/T_Tech_Panel_M.uasset" 126
"../../../../../Documents/Unreal Projects/GameJam/Game/Content/StarterContent/Textures/T_Metal_Steel_D.uasset" 127
"../../../../../Documents/Unreal Projects/GameJam/Game/Content/StarterContent/Textures/T_MacroVariation.uasset" 128
"../../../../../Documents/Unreal Projects/GameJam/Game/Content/StarterContent/Materials/M_Tech_Panel.uasset" 129
"../../../../../Documents/Unreal Projects/GameJam/Game/Content/StarterProject/Meshes/SM_Curve_Ball.uasset" 130
"../../../../../Documents/Unreal Projects/GameJam/Game/Content/StarterProject/Assets/M_Interactables.uasset" 131
"../../../../../Documents/Unreal Projects/GameJam/Game/Content/StarterProject/Blueprints/BP_Handheld_Ball.uasset" 132
"../../../../../Documents/Unreal Projects/GameJam/Game/Content/StarterProject/Blueprints/BP_GameState.uasset" 133
"../../../../../Documents/Unreal Projects/GameJam/Game/Content/Mannequin/Character/Mesh/SK_Mannequin_PhysicsAsset.uasset" 134
"../../../../../Documents/Unreal Projects/GameJam/Game/Content/Mannequin/Character/Mesh/SK_Mannequin.uasset" 135
"../../../Engine/Content/Animation/DefaultAnimBoneCompressionSettings.uasset" 136
"../../../Engine/Content/Animation/DefaultAnimCurveCompressionSettings.uasset" 137
"../../../../../Documents/Unreal Projects/GameJam/Game/Content/Mannequin/Animations/ThirdPersonWalk.uasset" 138
"../../../../../Documents/Unreal Projects/GameJam/Game/Content/Mannequin/Animations/ThirdPersonRun.uasset" 139
"../../../../../Documents/Unreal Projects/GameJam/Game/Content/Mannequin/Animations/ThirdPersonIdle.uasset" 140
"../../../../../Documents/Unreal Projects/GameJam/Game/Content/Mannequin/Animations/ThirdPerson_IdleRun_2D.uasset" 141
"../../../../../Documents/Unreal Projects/GameJam/Game/Content/Mannequin/Animations/ThirdPerson_Jump.uasset" 142
"../../../../../Documents/Unreal Projects/GameJam/Game/Content/Mannequin/Animations/ThirdPersonJump_Loop.uasset" 143
"../../../../../Documents/Unreal Projects/GameJam/Game/Content/Mannequin/Animations/ThirdPersonJump_Start.uasset" 144
"../../../../../Documents/Unreal Projects/GameJam/Game/Content/Mannequin/Animations/ThirdPerson_AnimBP.uasset" 145
"../../../../../Documents/Unreal Projects/GameJam/Game/Content/StarterProject/Characters/PlayerCharacter_BP.uasset" 146
"../../../../../Documents/Unreal Projects/GameJam/Game/Content/StarterProject/Characters/SimulatedPlayers/SimulatedPlayerCharacter_BP.uasset" 147
"../../../../../Documents/Unreal Projects/GameJam/Game/Content/StarterProject/Meshes/RampMaterial.uasset" 148
"../../../../../Documents/Unreal Projects/GameJam/Game/Content/StarterProject/Meshes/Bump_StaticMesh.uasset" 149
"../../../../../Documents/Unreal Projects/GameJam/Game/Content/StarterProject/Meshes/LeftArm_StaticMesh.uasset" 150
"../../../../../Documents/Unreal Projects/GameJam/Game/Content/StarterProject/Meshes/Linear_Stair_StaticMesh.uasset" 151
"../../../../../Documents/Unreal Projects/GameJam/Game/Content/StarterProject/Meshes/Ramp_StaticMesh.uasset" 152
"../../../../../Documents/Unreal Projects/GameJam/Game/Content/StarterProject/Meshes/RightArm_StaticMesh.uasset" 153
"../../../../../Documents/Unreal Projects/GameJam/Game/Content/StarterProject/Widgets/W_CatchPrompt.uasset" 154
"../../../../../Documents/Unreal Projects/GameJam/Game/Content/StarterProject/Widgets/W_PickupPrompt.uasset" 155
"../../../Engine/Content/ArtTools/RenderToTexture/Meshes/S_1_Unit_Plane.uasset" 156
"../../../Engine/Content/BasicShapes/BasicShapeMaterial.uasset" 157
"../../../Engine/Content/EngineMaterials/DefaultMaterial.uasset" 158
"../../../Engine/Content/BasicShapes/Cone.uasset" 159
"../../../Engine/Content/BasicShapes/Cube.uasset" 160
"../../../Engine/Content/BasicShapes/Cylinder.uasset" 161
"../../../Engine/Content/BasicShapes/Plane.uasset" 162
"../../../Engine/Content/BasicShapes/Sphere.uasset" 163
"../../../Engine/Content/EditorLandscapeResources/DataLayer.uasset" 164
"../../../Engine/Content/EditorLandscapeResources/DefaultAlphaTexture.uasset" 165
"../../../Engine/Content/EditorMaterials/MAT_Groups_Toggle.uasset" 166
"../../../Engine/Content/EditorMaterials/MAT_Groups_Visibility.uasset" 167
"../../../Engine/Content/EditorMaterials/PreviewShadowIndicator.uasset" 168
"../../../Engine/Content/EditorMaterials/PreviewShadowIndicatorMaterial.uasset" 169
"../../../Engine/Content/EditorMaterials/MatineeGroups/MAT_ColorTrack.uasset" 170
"../../../Engine/Content/EditorMaterials/MatineeGroups/MAT_Groups_Anim.uasset" 171
"../../../Engine/Content/EditorMaterials/MatineeGroups/MAT_Groups_AudioMaster.uasset" 172
"../../../Engine/Content/EditorMaterials/MatineeGroups/MAT_Groups_Director.uasset" 173
"../../../Engine/Content/EditorMaterials/MatineeGroups/MAT_Groups_Event.uasset" 174
"../../../Engine/Content/EditorMaterials/MatineeGroups/MAT_Groups_Fade.uasset" 175
"../../../Engine/Content/EditorMaterials/MatineeGroups/MAT_Groups_Float.uasset" 176
"../../../Engine/Content/EditorMaterials/MatineeGroups/MAT_Groups_Move.uasset" 177
"../../../Engine/Content/EditorMaterials/MatineeGroups/MAT_Groups_Slomo.uasset" 178
"../../../Engine/Content/EditorMaterials/MatineeGroups/MAT_Groups_Sound.uasset" 179
"../../../Engine/Content/EditorMaterials/MatineeGroups/MAT_Groups_Vector.uasset" 180
"../../../Engine/Content/EditorMaterials/ParticleSystems/PSysThumbnail_NoImage.uasset" 181
"../../../Engine/Content/EditorMaterials/ParticleSystems/PSysThumbnail_OOD.uasset" 182
"../../../Engine/Content/EditorMaterials/Camera/CineMat.uasset" 183
"../../../Engine/Content/EditorMaterials/Camera/MI_CineMat_Rig.uasset" 184
"../../../Engine/Content/EditorMeshes/Camera/SM_CraneRig_Arm.uasset" 185
"../../../Engine/Content/EditorMeshes/Camera/SM_CraneRig_Base.uasset" 186
"../../../Engine/Content/EditorMeshes/Camera/SM_CraneRig_Body.uasset" 187
"../../../Engine/Content/EditorMeshes/Camera/SM_CraneRig_Mount.uasset" 188
"../../../Engine/Content/EditorMeshes/Camera/SM_RailRig_Mount.uasset" 189
"../../../Engine/Content/EditorMeshes/Camera/SM_RailRig_Track.uasset" 190
"../../../Engine/Content/EditorResources/BSPVertex.uasset" 191
"../../../Engine/Content/EditorResources/S_Actor.uasset" 192
"../../../Engine/Content/EditorResources/S_Note.uasset" 193
"../../../Engine/Content/EditorResources/S_Solver.uasset" 194
"../../../Engine/Content/EditorResources/S_Terrain.uasset" 195
"../../../Engine/Content/EditorResources/S_Trigger.uasset" 196
"../../../Engine/Content/EditorResources/SequenceRecorder/Countdown.uasset" 197
"../../../Engine/Content/EditorResources/SequenceRecorder/RecordingIndicator.uasset" 198
"../../../Engine/Content/EditorSounds/Notifications/CompileFailed.uasset" 199
"../../../Engine/Content/EditorSounds/Notifications/CompileFailed_Cue.uasset" 200
"../../../Engine/Content/EditorSounds/Notifications/CompileSuccess.uasset" 201
"../../../Engine/Content/EditorSounds/Notifications/CompileStart_Cue.uasset" 202
"../../../Engine/Content/EditorSounds/Notifications/CompileSuccess_Cue.uasset" 203
"../../../Engine/Content/EngineDamageTypes/DmgTypeBP_Environmental.uasset" 204
"../../../Engine/Content/EngineDebugMaterials/DebugEditorMaterial.uasset" 205
"../../../Engine/Content/EngineDebugMaterials/DebugMeshMaterial.uasset" 206
"../../../Engine/Content/EngineDebugMaterials/M_SimpleUnlitTranslucent.uasset" 207
"../../../Engine/Content/EngineDebugMaterials/VolumeToRender.uasset" 208
"../../../Engine/Content/Functions/Engine_MaterialFunctions02/Utility/CameraDirectionVector.uasset" 209
"../../../Engine/Content/EngineDebugMaterials/M_VolumeRenderSphereTracePP.uasset" 210
"../../../Engine/Content/EngineMaterials/BaseFlattenNormalMap.uasset" 211
"../../../Engine/Content/EngineMaterials/BaseFlattenGrayscaleMap.uasset" 212
"../../../Engine/Content/EngineMaterials/BaseFlattenEmissiveMap.uasset" 213
"../../../Engine/Content/EngineMaterials/BaseFlattenDiffuseMap.uasset" 214
"../../../Engine/Content/EngineMaterials/BaseFlattenMaterial.uasset" 215
"../../../Engine/Content/EngineMaterials/BlueNoise.uasset" 216
"../../../Engine/Content/EngineMaterials/DefaultBloomKernel.uasset" 217
"../../../Engine/Content/EngineMaterials/DefaultBokeh.uasset" 218
"../../../Engine/Content/EngineMaterials/DefaultDiffuse.uasset" 219
"../../../Engine/Content/EngineMaterials/DefaultDeferredDecalMaterial.uasset" 220
"../../../Engine/Content/EngineMaterials/DefaultLightFunctionMaterial.uasset" 221
"../../../Engine/Content/EngineMaterials/DefaultPhysicalMaterial.uasset" 222
"../../../Engine/Content/Functions/Engine_MaterialFunctions02/Utility/BreakOutFloat2Components.uasset" 223
"../../../Engine/Content/EngineMaterials/DefaultPostProcessMaterial.uasset" 224
"../../../Engine/Content/EngineFonts/RobotoDistanceField.uasset" 225
"../../../Engine/Content/EngineMaterials/DefaultTextMaterialOpaque.uasset" 226
"../../../Engine/Content/EngineMaterials/DefaultWhiteGrid.uasset" 227
"../../../Engine/Content/EngineMaterials/DefaultWhiteGrid_Low.uasset" 228
"../../../Engine/Content/EngineMaterials/EmissiveMeshMaterial.uasset" 229
"../../../Engine/Content/EngineMaterials/GizmoMaterial.uasset" 230
"../../../Engine/Content/EngineMaterials/Good64x64TilingNoiseHighFreq.uasset" 231
"../../../Engine/Content/EngineMaterials/MiniFont.uasset" 232
"../../../Engine/Content/EngineMaterials/InvalidLightmapSettings.uasset" 233
"../../../Engine/Content/EngineMaterials/M_InvalidLightmapSettings.uasset" 234
"../../../Engine/Content/Functions/Engine_MaterialFunctions02/WorldPositionOffset/CameraOffset.uasset" 235
"../../../Engine/Content/EngineMaterials/PhAT_JointLimitMaterial.uasset" 236
"../../../Engine/Content/EngineMaterials/PreintegratedSkinBRDF.uasset" 237
"../../../Engine/Content/EngineMaterials/RemoveSurfaceMaterial.uasset" 238
"../../../Engine/Content/EngineMaterials/WeightMapPlaceholderTexture.uasset" 239
"../../../Engine/Content/EngineResources/WhiteSquareTexture.uasset" 240
"../../../Engine/Content/EngineMaterials/Widget3DPassThrough.uasset" 241
"../../../Engine/Content/EngineMaterials/Widget3DPassThrough_Masked.uasset" 242
"../../../Engine/Content/EngineMaterials/Widget3DPassThrough_Opaque.uasset" 243
"../../../Engine/Content/EngineMaterials/Widget3DPassThrough_Masked_OneSided.uasset" 244
"../../../Engine/Content/EngineMaterials/Widget3DPassThrough_Opaque_OneSided.uasset" 245
"../../../Engine/Content/EngineMaterials/Widget3DPassThrough_Translucent.uasset" 246
"../../../Engine/Content/EngineMaterials/Widget3DPassThrough_Translucent_OneSided.uasset" 247
"../../../Engine/Content/EngineMeshes/Cylinder.uasset" 248
"../../../Engine/Content/EngineMeshes/Sphere.uasset" 249
"../../../Engine/Content/EngineResources/Black.uasset" 250
"../../../Engine/Content/EngineResources/DefaultTextureCube.uasset" 251
"../../../Engine/Content/EngineResources/DefaultVolumeTexture2D.uasset" 252
"../../../Engine/Content/EngineResources/DefaultVolumeTexture.uasset" 253
"../../../Engine/Content/EngineResources/GradientTexture0.uasset" 254
"../../../Engine/Content/EngineSky/VolumetricClouds/T_NoiseShape64.uasset" 255
"../../../Engine/Content/EngineSky/VolumetricClouds/T_VolumeNoiseShape64.uasset" 256
"../../../Engine/Content/EngineSky/VolumetricClouds/T_NoiseErosion.uasset" 257
"../../../Engine/Content/EngineSky/VolumetricClouds/T_VolumeNoiseErosion32.uasset" 258
"../../../Engine/Content/EngineSky/VolumetricClouds/CloudWeatherTexture.uasset" 259
"../../../Engine/Content/EngineSky/VolumetricClouds/CloudGradientTexture.uasset" 260
"../../../Engine/Content/Functions/Engine_MaterialFunctions02/Utility/MakeFloat2.uasset" 261
"../../../Engine/Content/EngineSky/VolumetricClouds/m_SimpleVolumetricCloud.uasset" 262
"../../../Engine/Content/EngineSky/VolumetricClouds/m_SimpleVolumetricCloud_Inst.uasset" 263
"../../../Engine/Content/EngineSounds/Master.uasset" 264
"../../../Engine/Content/Functions/Engine_MaterialFunctions01/Shading/ConvertFromDiffSpec.uasset" 265
"../../../Engine/Content/Functions/Engine_MaterialFunctions01/Shading/PowerToRoughness.uasset" 266
"../../../Engine/Content/Maps/Templates/Thumbnails/Default.uasset" 267
"../../../Engine/Content/Maps/Templates/Thumbnails/TimeOfDay.uasset" 268
"../../../Engine/Content/Maps/Templates/Thumbnails/VR-Basic.uasset" 269
"../../../Engine/Content/MobileResources/T_MobileControls_texture.uasset" 270
"../../../Engine/Content/MobileResources/T_MobileMenu2.uasset" 271
"../../../Engine/Content/MobileResources/HUD/AnalogHat.uasset" 272
"../../../Engine/Content/MobileResources/HUD/VirtualJoystick_Thumb.uasset" 273
"../../../Engine/Content/MobileResources/HUD/VirtualJoystick_Background.uasset" 274
"../../../Engine/Content/MobileResources/HUD/DefaultVirtualJoysticks.uasset" 275
"../../../Engine/Content/MobileResources/HUD/LeftVirtualJoystickOnly.uasset" 276
"../../../Engine/Content/MobileResources/HUD/MobileHUDButton1_off.uasset" 277
"../../../Engine/Content/MobileResources/HUD/MobileHUDButton1_on.uasset" 278
"../../../Engine/Content/MobileResources/HUD/MobileHUDButton2_off.uasset" 279
"../../../Engine/Content/MobileResources/HUD/MobileHUDButton2_on.uasset" 280
"../../../Engine/Content/MobileResources/HUD/MobileHUDButton3.uasset" 281
"../../../Engine/Content/MobileResources/HUD/MobileHUDButtonFire.uasset" 282
"../../../Engine/Content/MobileResources/HUD/MobileHUDDirectionPad.uasset" 283
"../../../Engine/Content/MobileResources/HUD/MobileHUDDirectionPad2.uasset" 284
"../../../Engine/Content/MobileResources/HUD/MobileHUDDirectionPad3.uasset" 285
"../../../Engine/Content/MobileResources/HUD/MobileHUDDirectionStick.uasset" 286
"../../../Engine/Content/MobileResources/HUD/T_Castle_ThumbstickInner.uasset" 287
"../../../Engine/Content/MobileResources/HUD/T_Castle_ThumbstickOutter.uasset" 288
"../../../Engine/Content/Tutorial/ContentIntroCurve.uasset" 289
"../../../Engine/Content/Tutorial/Basics/LevelEditorAttract.uasset" 290
"../../../Engine/Content/Tutorial/Basics/TutorialAssets/icon_tab_Levels_40x.uasset" 291
"../../../Engine/Content/Tutorial/Basics/LevelEditorOverview.uasset" 292
"../../../Engine/Content/VREditor/TransformGizmo/TranslucentTransformGizmoMaterial.uasset" 293
"../../../Engine/Content/VREditor/LaserPointer/VR_LaserPower_01.uasset" 294
"../../../Engine/Content/VREditor/TransformGizmo/TransformGizmoMaterial.uasset" 295
"../../../Engine/Content/VREditor/TransformGizmo/BoundingBoxCorner.uasset" 296
"../../../Engine/Content/VREditor/TransformGizmo/BoundingBoxEdge.uasset" 297
"../../../Engine/Content/VREditor/TransformGizmo/PlaneTranslationHandle.uasset" 298
"../../../Engine/Content/VREditor/TransformGizmo/Xray.uasset" 299
"../../../Engine/Content/VREditor/TransformGizmo/Main.uasset" 300
"../../../Engine/Content/VREditor/TransformGizmo/SM_Sequencer_Key.uasset" 301
"../../../Engine/Content/VREditor/TransformGizmo/SM_Sequencer_Node.uasset" 302
"../../Plugins/2D/Paper2D/Content/PlaceholderTextures/DummySpriteTexture.uasset" 303
"../../Plugins/2D/Paper2D/Content/DummySprite.uasset" 304
"../../Plugins/2D/Paper2D/Content/DefaultPaperTerrainMaterial.uasset" 305
"../../Plugins/2D/Paper2D/Content/DefaultSpriteMaterial.uasset" 306
"../../Plugins/2D/Paper2D/Content/MaskedUnlitSpriteMaterial.uasset" 307
"../../Plugins/2D/Paper2D/Content/OpaqueUnlitSpriteMaterial.uasset" 308
"../../../Engine/Content/Functions/Engine_MaterialFunctions02/Utility/BreakOutFloat3Components.uasset" 309
"../../Plugins/Editor/SpeedTreeImporter/Content/SpeedTree9/UnpackInteger3.uasset" 310
"../../Plugins/Editor/SpeedTreeImporter/Content/SpeedTree9/UnpackDirection.uasset" 311
"../../Plugins/Editor/SpeedTreeImporter/Content/SpeedTree9/game_wind_noise.uasset" 312
"../../../Engine/Content/Functions/Engine_MaterialFunctions02/SafeNormalize.uasset" 313
"../../Plugins/Editor/SpeedTreeImporter/Content/SpeedTree9/SpeedTreeWindMotion.uasset" 314
"../../Plugins/Editor/SpeedTreeImporter/Content/SpeedTree9/SpeedTreeBranchMotion.uasset" 315
"../../../Engine/Content/Functions/Engine_MaterialFunctions02/ObjectLocalBounds.uasset" 316
"../../../Engine/Content/Functions/Engine_MaterialFunctions02/UVs/BoundingBoxBased_0-1_UVW.uasset" 317
"../../Plugins/Editor/SpeedTreeImporter/Content/SpeedTree9/SpeedTreeWind.uasset" 318
"../../Plugins/Editor/SpeedTreeImporter/Content/SpeedTree9/SpeedTreeBillboard.uasset" 319
"../../../Engine/Content/EngineResources/DefaultTexture.uasset" 320
"../../Plugins/Editor/SpeedTreeImporter/Content/SpeedTree9/SpeedTreeBillboardMaster.uasset" 321
"../../Plugins/Editor/SpeedTreeImporter/Content/SpeedTree9/SpeedTreeCameraFacing.uasset" 322
"../../Plugins/Editor/SpeedTreeImporter/Content/SpeedTree9/SpeedTreeMaster.uasset" 323
"../../Plugins/UnrealGDK/SpatialGDK/Content/SpatialDebugger/Textures/crosshair.uasset" 324
"../../Plugins/UnrealGDK/SpatialGDK/Content/SpatialDebugger/Textures/LockOpen.uasset" 325
"../../Plugins/UnrealGDK/SpatialGDK/Content/SpatialDebugger/Textures/Box.uasset" 326
"../../Plugins/UnrealGDK/SpatialGDK/Content/SpatialDebugger/Textures/AuthIntent.uasset" 327
"../../Plugins/UnrealGDK/SpatialGDK/Content/SpatialDebugger/Textures/Auth.uasset" 328
"../../../Engine/Content/EngineFonts/Faces/RobotoRegular.uasset" 329
"../../../Engine/Content/EngineFonts/Faces/RobotoLight.uasset" 330
"../../../Engine/Content/EngineFonts/Faces/RobotoItalic.uasset" 331
"../../../Engine/Content/EngineFonts/Faces/RobotoBoldItalic.uasset" 332
"../../../Engine/Content/EngineFonts/Faces/RobotoBold.uasset" 333
"../../../Engine/Content/EngineFonts/Faces/DroidSansFallback.uasset" 334
"../../../Engine/Content/EngineFonts/Roboto.uasset" 335
"../../Plugins/UnrealGDK/SpatialGDK/Content/SpatialDebugger/WBP_SpatialDebuggerConfigMenu.uasset" 336
"../../Plugins/UnrealGDK/SpatialGDK/Content/SpatialDebugger/Textures/LockClosed.uasset" 337
"../../Plugins/UnrealGDK/SpatialGDK/Content/SpatialDebugger/BP_SpatialDebugger.uasset" 338
"../../Plugins/UnrealGDK/SpatialGDK/Content/SpatialDebugger/Fonts/MuliFont.uasset" 339
"../../Plugins/UnrealGDK/SpatialGDK/Content/SpatialDebugger/Materials/GlowingWireframeMaterial.uasset" 340
"../../Plugins/UnrealGDK/SpatialGDK/Content/SpatialDebugger/Materials/TranslucentWorkerRegion.uasset" 341
"../../../Engine/Content/Functions/Engine_MaterialFunctions02/Utility/MakeFloat3.uasset" 342
"../../../Engine/Content/Functions/Engine_MaterialFunctions02/Utility/VectorLength.uasset" 343
"../../../Engine/Content/Functions/Engine_MaterialFunctions02/WorldPositionOffset/ObjectScale.uasset" 344
"../../Plugins/UnrealGDK/SpatialGDK/Content/SpatialDebugger/Materials/WorkerRegionCombinedMaterial.uasset" 345
"../../../Engine/Content/Functions/Engine_MaterialFunctions02/Utility/BreakOutFloat4Components.uasset" 346
"../../Plugins/Runtime/Oculus/OculusVR/Content/Materials/OculusMR_ChromaKey.uasset" 347
"../../Plugins/Runtime/Oculus/OculusVR/Content/Materials/OculusMR_OpaqueColoredMaterial.uasset" 348
"../../Plugins/Runtime/Oculus/OculusVR/Content/Materials/PokeAHoleMaterial.uasset" 349
"../../../Engine/Content/EditorMeshes/ColorCalibrator/M_GreyBall.uasset" 350
"../../../Engine/Content/EditorMeshes/ColorCalibrator/Color_checker.uasset" 351
"../../../Engine/Content/EditorMeshes/ColorCalibrator/M_ColorGrid.uasset" 352
"../../../Engine/Content/EditorMeshes/ColorCalibrator/M_ClearCoatBlack.uasset" 353
"../../../Engine/Content/EditorMeshes/ColorCalibrator/M_ClearCoat.uasset" 354
"../../../Engine/Content/EditorMeshes/ColorCalibrator/M_ChromeBall.uasset" 355
"../../../Engine/Content/EditorMeshes/ColorCalibrator/SM_ColorCalibrator.uasset" 356
"../../../../../Documents/Unreal Projects/GameJam/Game/Content/StarterContent/Maps/Advanced_Lighting_BuiltData.uasset" 357
"../../../../../Documents/Unreal Projects/GameJam/Game/Content/StarterContent/HDRI/HDRI_Epic_Courtyard_Daylight.uasset" 358
"../../../Engine/Content/MapTemplates/Sky/DaylightAmbientCubemap.uasset" 359
"../../../../../Documents/Unreal Projects/GameJam/Game/Content/StarterContent/Blueprints/Assets/M_LightStage_Skybox_Master.uasset" 360
"../../../../../Documents/Unreal Projects/GameJam/Game/Content/StarterContent/Blueprints/Assets/M_LightStage_Skybox_HDRI.uasset" 361
"../../../../../Documents/Unreal Projects/GameJam/Game/Content/StarterContent/Blueprints/Assets/M_LightStage_Arrows.uasset" 362
"../../../../../Documents/Unreal Projects/GameJam/Game/Content/StarterContent/Blueprints/Assets/SM_Arrows.uasset" 363
"../../../Engine/Content/EditorMaterials/Thumbnails/SkySphereMaterial.uasset" 364
"../../../../../Documents/Unreal Projects/GameJam/Game/Content/StarterContent/Blueprints/Assets/Skybox.uasset" 365
"../../../../../Documents/Unreal Projects/GameJam/Game/Content/StarterContent/Blueprints/Assets/M_LightStage_Skybox_Black.uasset" 366
"../../../../../Documents/Unreal Projects/GameJam/Game/Content/StarterContent/Blueprints/Assets/SunlightColorLUT.uasset" 367
"../../../../../Documents/Unreal Projects/GameJam/Game/Content/StarterContent/Blueprints/Assets/FogBrightnessLUT.uasset" 368
"../../../../../Documents/Unreal Projects/GameJam/Game/Content/StarterContent/Blueprints/BP_LightStudio.uasset" 369
"../../../../../Documents/Unreal Projects/GameJam/Game/Content/StarterContent/Materials/M_AssetPlatform.uasset" 370
"../../../../../Documents/Unreal Projects/GameJam/Game/Content/StarterContent/Architecture/SM_AssetPlatform.uasset" 371
"../../../../../Documents/Unreal Projects/GameJam/Game/Content/StarterContent/Maps/Advanced_Lighting.umap" 372
"../../../../../Documents/Unreal Projects/GameJam/Game/Content/StarterContent/Textures/T_TableRound_N.uasset" 373
"../../../../../Documents/Unreal Projects/GameJam/Game/Content/StarterContent/Textures/T_TableRound_M.uasset" 374
"../../../../../Documents/Unreal Projects/GameJam/Game/Content/StarterContent/Props/Materials/M_TableRound.uasset" 375
"../../../../../Documents/Unreal Projects/GameJam/Game/Content/StarterContent/Props/SM_TableRound.uasset" 376
"../../../../../Documents/Unreal Projects/GameJam/Game/Content/StarterContent/Textures/T_Statue_N.uasset" 377
"../../../../../Documents/Unreal Projects/GameJam/Game/Content/StarterContent/Textures/T_Statue_M.uasset" 378
"../../../../../Documents/Unreal Projects/GameJam/Game/Content/StarterContent/Props/Materials/M_Statue.uasset" 379
"../../../../../Documents/Unreal Projects/GameJam/Game/Content/StarterContent/Props/Materials/M_StatueGlass.uasset" 380
"../../../../../Documents/Unreal Projects/GameJam/Game/Content/StarterContent/Props/SM_Statue.uasset" 381
"../../../../../Documents/Unreal Projects/GameJam/Game/Content/StarterContent/Props/SM_Chair.uasset" 382
"../../../../../Documents/Unreal Projects/GameJam/Game/Content/StarterContent/Textures/T_Metal_Copper_D.uasset" 383
"../../../../../Documents/Unreal Projects/GameJam/Game/Content/StarterContent/Textures/T_Metal_Gold_N.uasset" 384
"../../../../../Documents/Unreal Projects/GameJam/Game/Content/StarterContent/Materials/M_Metal_Copper.uasset" 385
"../../../../../Documents/Unreal Projects/GameJam/Game/Content/StarterContent/Textures/T_Metal_Aluminum_D.uasset" 386
"../../../../../Documents/Unreal Projects/GameJam/Game/Content/StarterContent/Materials/M_Metal_Burnished_Steel.uasset" 387
"../../../../../Documents/Unreal Projects/GameJam/Game/Content/StarterContent/Materials/M_Metal_Brushed_Nickel.uasset" 388
"../../../Engine/Content/EngineSky/T_Sky_Stars.uasset" 389
"../../../Engine/Content/EngineSky/T_Sky_Clouds_M.uasset" 390
"../../../Engine/Content/EngineSky/T_Sky_Blue.uasset" 391
"../../../Engine/Content/EngineSky/M_Sky_Panning_Clouds2.uasset" 392
"../../../../../Documents/Unreal Projects/GameJam/Game/Content/StarterContent/Maps/Minimal_Default_BuiltData.uasset" 393
"../../../Engine/Content/EngineSky/SM_SkySphere.uasset" 394
"../../../Engine/Content/EngineSky/C_Sky_Zenith_Color.uasset" 395
"../../../Engine/Content/EngineSky/C_Sky_Horizon_Color.uasset" 396
"../../../Engine/Content/EngineSky/C_Sky_Cloud_Color.uasset" 397
"../../../Engine/Content/EngineSky/BP_Sky_Sphere.uasset" 398
"../../../../../Documents/Unreal Projects/GameJam/Game/Content/StarterContent/Audio/Starter_Background_Cue.uasset" 399
"../../../../../Documents/Unreal Projects/GameJam/Game/Content/StarterContent/Architecture/Floor_400x400.uasset" 400
"../../../../../Documents/Unreal Projects/GameJam/Game/Content/StarterContent/Maps/Minimal_Default.umap" 401
"../../../../../Documents/Unreal Projects/GameJam/Game/Content/StarterContent/Shapes/Shape_QuadPyramid.uasset" 402
"../../../../../Documents/Unreal Projects/GameJam/Game/Content/StarterContent/Shapes/Shape_Cube.uasset" 403
"../../../../../Documents/Unreal Projects/GameJam/Game/Content/StarterContent/Textures/T_Frame_N.uasset" 404
"../../../../../Documents/Unreal Projects/GameJam/Game/Content/StarterContent/Textures/T_Frame_M.uasset" 405
"../../../../../Documents/Unreal Projects/GameJam/Game/Content/StarterContent/Props/Materials/M_Frame.uasset" 406
"../../../../../Documents/Unreal Projects/GameJam/Game/Content/StarterContent/Props/SM_WindowFrame.uasset" 407
"../../../../../Documents/Unreal Projects/GameJam/Game/Content/StarterContent/Props/SM_PillarFrame300.uasset" 408
"../../../../../Documents/Unreal Projects/GameJam/Game/Content/StarterContent/Props/SM_PillarFrame.uasset" 409
"../../../../../Documents/Unreal Projects/GameJam/Game/Content/StarterContent/Props/SM_GlassWindow.uasset" 410
"../../../../../Documents/Unreal Projects/GameJam/Game/Content/StarterContent/Props/SM_DoorFrame.uasset" 411
"../../../../../Documents/Unreal Projects/GameJam/Game/Content/StarterContent/Props/SM_CornerFrame.uasset" 412
"../../../../../Documents/Unreal Projects/GameJam/Game/Content/StarterContent/Props/MaterialSphere.uasset" 413
"../../../../../Documents/Unreal Projects/GameJam/Game/Content/StarterContent/Textures/T_Dust_Particle_D.uasset" 414
"../../../../../Documents/Unreal Projects/GameJam/Game/Content/StarterContent/Particles/Materials/M_Dust_Particle.uasset" 415
"../../../../../Documents/Unreal Projects/GameJam/Game/Content/StarterContent/Particles/P_Ambient_Dust.uasset" 416
"../../../../../Documents/Unreal Projects/GameJam/Game/Content/StarterContent/Textures/T_Wood_Walnut_N.uasset" 417
"../../../../../Documents/Unreal Projects/GameJam/Game/Content/StarterContent/Textures/T_Wood_Walnut_D.uasset" 418
"../../../../../Documents/Unreal Projects/GameJam/Game/Content/StarterContent/Materials/M_Wood_Walnut.uasset" 419
"../../../../../Documents/Unreal Projects/GameJam/Game/Content/StarterContent/Textures/T_Wood_Pine_N.uasset" 420
"../../../../../Documents/Unreal Projects/GameJam/Game/Content/StarterContent/Textures/T_Wood_Pine_D.uasset" 421
"../../../../../Documents/Unreal Projects/GameJam/Game/Content/StarterContent/Textures/T_Perlin_Noise_M.uasset" 422
"../../../../../Documents/Unreal Projects/GameJam/Game/Content/StarterContent/Materials/M_Wood_Pine.uasset" 423
"../../../../../Documents/Unreal Projects/GameJam/Game/Content/StarterContent/Textures/T_Wood_Oak_N.uasset" 424
"../../../../../Documents/Unreal Projects/GameJam/Game/Content/StarterContent/Textures/T_Wood_Oak_D.uasset" 425
"../../../../../Documents/Unreal Projects/GameJam/Game/Content/StarterContent/Materials/M_Wood_Oak.uasset" 426
"../../../Engine/Content/Functions/Engine_MaterialFunctions01/Opacity/AlphaOffset.uasset" 427
"../../../../../Documents/Unreal Projects/GameJam/Game/Content/StarterContent/Textures/T_Wood_Floor_Walnut_N.uasset" 428
"../../../../../Documents/Unreal Projects/GameJam/Game/Content/StarterContent/Textures/T_Wood_Floor_Walnut_M.uasset" 429
"../../../../../Documents/Unreal Projects/GameJam/Game/Content/StarterContent/Textures/T_Wood_Floor_Walnut_D.uasset" 430
"../../../../../Documents/Unreal Projects/GameJam/Game/Content/StarterContent/Materials/M_Wood_Floor_Walnut_Worn.uasset" 431
"../../../../../Documents/Unreal Projects/GameJam/Game/Content/StarterContent/Materials/M_Wood_Floor_Walnut_Polished.uasset" 432
"../../../../../Documents/Unreal Projects/GameJam/Game/Content/StarterContent/Textures/T_Water_M.uasset" 433
"../../../../../Documents/Unreal Projects/GameJam/Game/Content/StarterContent/Textures/T_Water_N.uasset" 434
"../../../../../Documents/Unreal Projects/GameJam/Game/Content/StarterContent/Materials/M_Water_Ocean.uasset" 435
"../../../../../Documents/Unreal Projects/GameJam/Game/Content/StarterContent/Materials/M_Water_Lake.uasset" 436
"../../../../../Documents/Unreal Projects/GameJam/Game/Content/StarterContent/Textures/T_Tech_Hex_Tile_N.uasset" 437
"../../../../../Documents/Unreal Projects/GameJam/Game/Content/StarterContent/Textures/T_Tech_Hex_Tile_M.uasset" 438
"../../../../../Documents/Unreal Projects/GameJam/Game/Content/StarterContent/Materials/M_Tech_Hex_Tile_Pulse.uasset" 439
"../../../../../Documents/Unreal Projects/GameJam/Game/Content/StarterContent/Materials/M_Tech_Hex_Tile.uasset" 440
"../../../../../Documents/Unreal Projects/GameJam/Game/Content/StarterContent/Textures/T_Tech_Dot_N.uasset" 441
"../../../../../Documents/Unreal Projects/GameJam/Game/Content/StarterContent/Textures/T_Tech_Dot_M.uasset" 442
"../../../../../Documents/Unreal Projects/GameJam/Game/Content/StarterContent/Textures/T_Single_Tile_N.uasset" 443
"../../../../../Documents/Unreal Projects/GameJam/Game/Content/StarterContent/Textures/T_Checker_Noise_M.uasset" 444
"../../../../../Documents/Unreal Projects/GameJam/Game/Content/StarterContent/Materials/M_Tech_Checker_Dot.uasset" 445
"../../../../../Documents/Unreal Projects/GameJam/Game/Content/StarterContent/Textures/T_Rock_Slate_N.uasset" 446
"../../../../../Documents/Unreal Projects/GameJam/Game/Content/StarterContent/Textures/T_Rock_Slate_D.uasset" 447
"../../../../../Documents/Unreal Projects/GameJam/Game/Content/StarterContent/Materials/M_Rock_Slate.uasset" 448
"../../../../../Documents/Unreal Projects/GameJam/Game/Content/StarterContent/Textures/T_Rock_Sandstone_N.uasset" 449
"../../../../../Documents/Unreal Projects/GameJam/Game/Content/StarterContent/Textures/T_Rock_Sandstone_D.uasset" 450
"../../../../../Documents/Unreal Projects/GameJam/Game/Content/StarterContent/Materials/M_Rock_Sandstone.uasset" 451
"../../../../../Documents/Unreal Projects/GameJam/Game/Content/StarterContent/Textures/T_Rock_Marble_Polished_D.uasset" 452
"../../../../../Documents/Unreal Projects/GameJam/Game/Content/StarterContent/Materials/M_Rock_Marble_Polished.uasset" 453
"../../../../../Documents/Unreal Projects/GameJam/Game/Content/StarterContent/Textures/T_Rock_Basalt_N.uasset" 454
"../../../../../Documents/Unreal Projects/GameJam/Game/Content/StarterContent/Materials/M_Rock_Basalt.uasset" 455
"../../../../../Documents/Unreal Projects/GameJam/Game/Content/StarterContent/Textures/T_Metal_Steel_N.uasset" 456
"../../../../../Documents/Unreal Projects/GameJam/Game/Content/StarterContent/Materials/M_Metal_Steel.uasset" 457
"../../../../../Documents/Unreal Projects/GameJam/Game/Content/StarterContent/Textures/T_Metal_Rust_D.uasset" 458
"../../../../../Documents/Unreal Projects/GameJam/Game/Content/StarterContent/Textures/T_Metal_Rust_N.uasset" 459
"../../../../../Documents/Unreal Projects/GameJam/Game/Content/StarterContent/Materials/M_Metal_Rust.uasset" 460
"../../../../../Documents/Unreal Projects/GameJam/Game/Content/StarterContent/Textures/T_Metal_Gold_D.uasset" 461
"../../../../../Documents/Unreal Projects/GameJam/Game/Content/StarterContent/Materials/M_Metal_Gold.uasset" 462
"../../../../../Documents/Unreal Projects/GameJam/Game/Content/StarterContent/Materials/M_Metal_Chrome.uasset" 463
"../../../../../Documents/Unreal Projects/GameJam/Game/Content/StarterContent/Textures/T_Ground_Moss_N.uasset" 464
"../../../../../Documents/Unreal Projects/GameJam/Game/Content/StarterContent/Textures/T_ground_Moss_D.uasset" 465
"../../../../../Documents/Unreal Projects/GameJam/Game/Content/StarterContent/Materials/M_Ground_Moss.uasset" 466
"../../../../../Documents/Unreal Projects/GameJam/Game/Content/StarterContent/Textures/T_Ground_Gravel_N.uasset" 467
"../../../../../Documents/Unreal Projects/GameJam/Game/Content/StarterContent/Textures/T_Ground_Gravel_D.uasset" 468
"../../../../../Documents/Unreal Projects/GameJam/Game/Content/StarterContent/Materials/M_Ground_Gravel.uasset" 469
"../../../../../Documents/Unreal Projects/GameJam/Game/Content/StarterContent/Textures/T_Ground_Grass_N.uasset" 470
"../../../../../Documents/Unreal Projects/GameJam/Game/Content/StarterContent/Textures/T_Ground_Grass_D.uasset" 471
"../../../../../Documents/Unreal Projects/GameJam/Game/Content/StarterContent/Materials/M_Ground_Grass.uasset" 472
"../../../../../Documents/Unreal Projects/GameJam/Game/Content/StarterContent/Textures/T_Concrete_Tiles_Variation_M.uasset" 473
"../../../../../Documents/Unreal Projects/GameJam/Game/Content/StarterContent/Textures/T_Concrete_Tiles_N.uasset" 474
"../../../../../Documents/Unreal Projects/GameJam/Game/Content/StarterContent/Textures/T_Concrete_Tiles_M.uasset" 475
"../../../../../Documents/Unreal Projects/GameJam/Game/Content/StarterContent/Textures/T_Concrete_Tiles_D.uasset" 476
"../../../../../Documents/Unreal Projects/GameJam/Game/Content/StarterContent/Materials/M_Concrete_Tiles.uasset" 477
"../../../../../Documents/Unreal Projects/GameJam/Game/Content/StarterContent/Textures/T_Concrete_Panels_N.uasset" 478
"../../../../../Documents/Unreal Projects/GameJam/Game/Content/StarterContent/Textures/T_Concrete_Panels_D.uasset" 479
"../../../../../Documents/Unreal Projects/GameJam/Game/Content/StarterContent/Materials/M_Concrete_Panels.uasset" 480
"../../../../../Documents/Unreal Projects/GameJam/Game/Content/StarterContent/Textures/T_Concrete_Grime_D.uasset" 481
"../../../../../Documents/Unreal Projects/GameJam/Game/Content/StarterContent/Materials/M_Concrete_Grime.uasset" 482
"../../../../../Documents/Unreal Projects/GameJam/Game/Content/StarterContent/Textures/T_CobbleStone_Smooth_N.uasset" 483
"../../../../../Documents/Unreal Projects/GameJam/Game/Content/StarterContent/Textures/T_CobbleStone_Smooth_M.uasset" 484
"../../../../../Documents/Unreal Projects/GameJam/Game/Content/StarterContent/Textures/T_CobbleStone_Smooth_D.uasset" 485
"../../../../../Documents/Unreal Projects/GameJam/Game/Content/StarterContent/Textures/T_Rock_Smooth_Granite_D.uasset" 486
"../../../../../Documents/Unreal Projects/GameJam/Game/Content/StarterContent/Textures/T_Gradinet_01.uasset" 487
"../../../../../Documents/Unreal Projects/GameJam/Game/Content/StarterContent/Materials/M_CobbleStone_Smooth.uasset" 488
"../../../../../Documents/Unreal Projects/GameJam/Game/Content/StarterContent/Textures/T_CobbleStone_Rough_N.uasset" 489
"../../../../../Documents/Unreal Projects/GameJam/Game/Content/StarterContent/Textures/T_CobbleStone_Rough_D.uasset" 490
"../../../../../Documents/Unreal Projects/GameJam/Game/Content/StarterContent/Materials/M_CobbleStone_Rough.uasset" 491
"../../../../../Documents/Unreal Projects/GameJam/Game/Content/StarterContent/Textures/T_CobbleStone_Pebble_N.uasset" 492
"../../../../../Documents/Unreal Projects/GameJam/Game/Content/StarterContent/Textures/T_CobbleStone_Pebble_M.uasset" 493
"../../../../../Documents/Unreal Projects/GameJam/Game/Content/StarterContent/Textures/T_CobbleStone_Pebble_D.uasset" 494
"../../../../../Documents/Unreal Projects/GameJam/Game/Content/StarterContent/Materials/M_CobbleStone_Pebble.uasset" 495
"../../../../../Documents/Unreal Projects/GameJam/Game/Content/StarterContent/Textures/T_Ceramic_Tile_N.uasset" 496
"../../../../../Documents/Unreal Projects/GameJam/Game/Content/StarterContent/Textures/T_Ceramic_Tile_M.uasset" 497
"../../../../../Documents/Unreal Projects/GameJam/Game/Content/StarterContent/Materials/M_Ceramic_Tile_Checker.uasset" 498
"../../../../../Documents/Unreal Projects/GameJam/Game/Content/StarterContent/Textures/T_Brick_Hewn_Stone_N.uasset" 499
"../../../../../Documents/Unreal Projects/GameJam/Game/Content/StarterContent/Textures/T_Brick_Hewn_Stone_M.uasset" 500
"../../../../../Documents/Unreal Projects/GameJam/Game/Content/StarterContent/Textures/T_Brick_Hewn_Stone_D.uasset" 501
"../../../../../Documents/Unreal Projects/GameJam/Game/Content/StarterContent/Materials/M_Brick_Hewn_Stone.uasset" 502
"../../../../../Documents/Unreal Projects/GameJam/Game/Content/StarterContent/Textures/T_Brick_Cut_Stone_N.uasset" 503
"../../../../../Documents/Unreal Projects/GameJam/Game/Content/StarterContent/Textures/T_Brick_Cut_Stone_D.uasset" 504
"../../../../../Documents/Unreal Projects/GameJam/Game/Content/StarterContent/Materials/M_Brick_Cut_Stone.uasset" 505
"../../../../../Documents/Unreal Projects/GameJam/Game/Content/StarterContent/Textures/T_Brick_Clay_Old_N.uasset" 506
"../../../../../Documents/Unreal Projects/GameJam/Game/Content/StarterContent/Textures/T_Brick_Clay_Old_D.uasset" 507
"../../../../../Documents/Unreal Projects/GameJam/Game/Content/StarterContent/Materials/M_Brick_Clay_Old.uasset" 508
"../../../../../Documents/Unreal Projects/GameJam/Game/Content/StarterContent/Textures/T_Brick_Clay_New_N.uasset" 509
"../../../../../Documents/Unreal Projects/GameJam/Game/Content/StarterContent/Textures/T_Brick_Clay_New_M.uasset" 510
"../../../../../Documents/Unreal Projects/GameJam/Game/Content/StarterContent/Textures/T_Brick_Clay_New_D.uasset" 511
"../../../../../Documents/Unreal Projects/GameJam/Game/Content/StarterContent/Materials/M_Brick_Clay_New.uasset" 512
"../../../../../Documents/Unreal Projects/GameJam/Game/Content/StarterContent/Textures/T_Brick_Clay_Beveled_N.uasset" 513
"../../../../../Documents/Unreal Projects/GameJam/Game/Content/StarterContent/Textures/T_Brick_Clay_Beveled_M.uasset" 514
"../../../../../Documents/Unreal Projects/GameJam/Game/Content/StarterContent/Textures/T_Brick_Clay_Beveled_D.uasset" 515
"../../../../../Documents/Unreal Projects/GameJam/Game/Content/StarterContent/Materials/M_Brick_Clay_Beveled.uasset" 516
"../../../Engine/Content/Functions/Engine_MaterialFunctions03/Procedurals/ComputeFilterWidth.uasset" 517
"../../../Engine/Content/EngineMaterials/AntiAliasedTextMaterialTranslucent.uasset" 518
"../../../../../Documents/Unreal Projects/GameJam/Game/Content/StarterContent/Maps/StarterMap_BuiltData.uasset" 519
"../../../../../Documents/Unreal Projects/GameJam/Game/Content/StarterContent/Textures/T_Concrete_Poured_N.uasset" 520
"../../../../../Documents/Unreal Projects/GameJam/Game/Content/StarterContent/Textures/T_Concrete_Poured_D.uasset" 521
"../../../../../Documents/Unreal Projects/GameJam/Game/Content/StarterContent/Materials/M_Concrete_Poured.uasset" 522
"../../../../../Documents/Unreal Projects/GameJam/Game/Content/StarterContent/Shapes/Shape_Sphere.uasset" 523
"../../../../../Documents/Unreal Projects/GameJam/Game/Content/StarterContent/Textures/T_Lamp_N.uasset" 524
"../../../../../Documents/Unreal Projects/GameJam/Game/Content/StarterContent/Textures/T_Lamp_M.uasset" 525
"../../../../../Documents/Unreal Projects/GameJam/Game/Content/StarterContent/Props/Materials/M_Lamp.uasset" 526
"../../../../../Documents/Unreal Projects/GameJam/Game/Content/StarterContent/Props/SM_Lamp_Wall.uasset" 527
"../../../../../Documents/Unreal Projects/GameJam/Game/Content/StarterContent/Blueprints/Blueprint_WallSconce.uasset" 528
"../../../../../Documents/Unreal Projects/GameJam/Game/Content/StarterContent/Particles/P_Steam_Lit.uasset" 529
"../../../../../Documents/Unreal Projects/GameJam/Game/Content/StarterContent/Audio/Steam01_Cue.uasset" 530
"../../../../../Documents/Unreal Projects/GameJam/Game/Content/StarterContent/Blueprints/Blueprint_Effect_Steam.uasset" 531
"../../../../../Documents/Unreal Projects/GameJam/Game/Content/StarterContent/Textures/T_Spark_Core.uasset" 532
"../../../../../Documents/Unreal Projects/GameJam/Game/Content/StarterContent/Particles/Materials/M_Spark.uasset" 533
"../../../../../Documents/Unreal Projects/GameJam/Game/Content/StarterContent/Particles/Materials/M_Radial_Gradient.uasset" 534
"../../../../../Documents/Unreal Projects/GameJam/Game/Content/StarterContent/Particles/P_Sparks.uasset" 535
"../../../../../Documents/Unreal Projects/GameJam/Game/Content/StarterContent/Audio/Fire_Sparks01_Cue.uasset" 536
"../../../../../Documents/Unreal Projects/GameJam/Game/Content/StarterContent/Blueprints/Blueprint_Effect_Sparks.uasset" 537
"../../../../../Documents/Unreal Projects/GameJam/Game/Content/StarterContent/Particles/P_Smoke.uasset" 538
"../../../../../Documents/Unreal Projects/GameJam/Game/Content/StarterContent/Audio/Smoke01_Cue.uasset" 539
"../../../../../Documents/Unreal Projects/GameJam/Game/Content/StarterContent/Blueprints/Blueprint_Effect_Smoke.uasset" 540
"../../../../../Documents/Unreal Projects/GameJam/Game/Content/StarterContent/Particles/Materials/M_Heat_Distortion.uasset" 541
"../../../../../Documents/Unreal Projects/GameJam/Game/Content/StarterContent/Textures/T_Fire_Tiled_D.uasset" 542
"../../../../../Documents/Unreal Projects/GameJam/Game/Content/StarterContent/Textures/T_Fire_SubUV.uasset" 543
"../../../../../Documents/Unreal Projects/GameJam/Game/Content/StarterContent/Particles/Materials/M_Fire_SubUV.uasset" 544
"../../../../../Documents/Unreal Projects/GameJam/Game/Content/StarterContent/Particles/P_Fire.uasset" 545
"../../../../../Documents/Unreal Projects/GameJam/Game/Content/StarterContent/Audio/Fire01_Cue.uasset" 546
"../../../../../Documents/Unreal Projects/GameJam/Game/Content/StarterContent/Blueprints/Blueprint_Effect_Fire.uasset" 547
"../../../../../Documents/Unreal Projects/GameJam/Game/Content/StarterContent/Props/SM_Lamp_Ceiling.uasset" 548
"../../../../../Documents/Unreal Projects/GameJam/Game/Content/StarterContent/Blueprints/Blueprint_CeilingLight.uasset" 549
"../../../../../Documents/Unreal Projects/GameJam/Game/Content/StarterContent/Audio/Starter_Music_Cue.uasset" 550
"../../../../../Documents/Unreal Projects/GameJam/Game/Content/StarterContent/Audio/Collapse_Cue.uasset" 551
"../../../../../Documents/Unreal Projects/GameJam/Game/Content/StarterContent/Architecture/Wall_Window_400x300.uasset" 552
"../../../../../Documents/Unreal Projects/GameJam/Game/Content/StarterContent/Architecture/Wall_Door_400x300.uasset" 553
"../../../../../Documents/Unreal Projects/GameJam/Game/Content/StarterContent/Architecture/Wall_400x200.uasset" 554
"../../../../../Documents/Unreal Projects/GameJam/Game/Content/StarterContent/Maps/StarterMap.umap" 555
"../../../../../Documents/Unreal Projects/GameJam/Game/Content/StarterProject/Maps/ThirdPersonExampleMap_BuiltData.uasset" 556
"../../../../../Documents/Unreal Projects/GameJam/Game/Content/StarterProject/Blueprints/W_PlayerHUD.uasset" 557
"../../../../../Documents/Unreal Projects/GameJam/Game/Content/StarterProject/Blueprints/BP_PlayerController.uasset" 558
"../../../../../Documents/Unreal Projects/GameJam/Game/Content/StarterProject/Widgets/W_PlayerHUD.uasset" 559
"../../../../../Documents/Unreal Projects/GameJam/Game/Content/StarterProject/Blueprints/BP_HUD.uasset" 560
"../../../../../Documents/Unreal Projects/GameJam/Game/Content/StarterProject/Blueprints/BP_GameMode.uasset" 561
"../../../../../Documents/Unreal Projects/GameJam/Game/Content/StarterProject/Assets/SM_Walls_Floor.uasset" 562
"../../../../../Documents/Unreal Projects/GameJam/Game/Content/StarterProject/Assets/SM_TownHall_LargeCounter.uasset" 563
"../../../../../Documents/Unreal Projects/GameJam/Game/Content/StarterProject/Assets/SM_TeaPoint_Counter_Small.uasset" 564
"../../../../../Documents/Unreal Projects/GameJam/Game/Content/StarterProject/Assets/SM_TeaPoint_Counter_Long.uasset" 565
"../../../../../Documents/Unreal Projects/GameJam/Game/Content/StarterProject/Assets/SM_Table_Small.uasset" 566
"../../../../../Documents/Unreal Projects/GameJam/Game/Content/StarterProject/Assets/SM_Table_Large.uasset" 567
"../../../../../Documents/Unreal Projects/GameJam/Game/Content/StarterProject/Assets/SM_Roof__1_.uasset" 568
"../../../../../Documents/Unreal Projects/GameJam/Game/Content/StarterProject/Assets/SM_Reception_Desk.uasset" 569
"../../../../../Documents/Unreal Projects/GameJam/Game/Content/StarterProject/Assets/SM_Logo_Shelf.uasset" 570
"../../../../../Documents/Unreal Projects/GameJam/Game/Content/StarterProject/Assets/SM_Fridge.uasset" 571
"../../../../../Documents/Unreal Projects/GameJam/Game/Content/StarterProject/Assets/SM_Court_Lines.uasset" 572
"../../../../../Documents/Unreal Projects/GameJam/Game/Content/StarterProject/Assets/SM_Couch.uasset" 573
"../../../../../Documents/Unreal Projects/GameJam/Game/Content/StarterProject/Assets/SM_Circle_Table.uasset" 574
"../../../../../Documents/Unreal Projects/GameJam/Game/Content/StarterProject/Assets/SM_Chair.uasset" 575
"../../../../../Documents/Unreal Projects/GameJam/Game/Content/StarterProject/Assets/SM_Bench.uasset" 576
"../../../../../Documents/Unreal Projects/GameJam/Game/Content/StarterProject/Assets/M_Props.uasset" 577
"../../../../../Documents/Unreal Projects/GameJam/Game/Content/StarterProject/Maps/ThirdPersonExampleMap.umap" 578
